{"/home/travis/build/npmtest/node-npmtest-isparta/test.js":{"path":"/home/travis/build/npmtest/node-npmtest-isparta/test.js","s":{"1":2,"2":2,"3":2,"4":2,"5":2,"6":2,"7":2,"8":1,"9":2,"10":2,"11":1,"12":1,"13":1,"14":1,"15":2,"16":2,"17":2,"18":2,"19":1,"20":1,"21":2,"22":2,"23":2,"24":1,"25":1,"26":1,"27":1,"28":1,"29":1,"30":1,"31":1,"32":1,"33":1,"34":1,"35":1,"36":1,"37":1,"38":1,"39":2,"40":2,"41":1,"42":2,"43":2,"44":1,"45":2,"46":2,"47":1,"48":2,"49":2,"50":1,"51":1,"52":1,"53":1,"54":1},"b":{"1":[2,1,1,1],"2":[1,1,1,1],"3":[1,1],"4":[1,1],"5":[1,1],"6":[1,1],"7":[1,1],"8":[1,1],"9":[1,1],"10":[1,1,1],"11":[1,1],"12":[1,1],"13":[1,1],"14":[1,1],"15":[1,1],"16":[1,1],"17":[1,1]},"f":{"1":2,"2":2,"3":2,"4":2,"5":2,"6":1,"7":1,"8":1,"9":2,"10":2,"11":2,"12":2,"13":1},"fnMap":{"1":{"name":"(anonymous_1)","line":12,"loc":{"start":{"line":12,"column":1},"end":{"line":12,"column":13}}},"2":{"name":"(anonymous_2)","line":19,"loc":{"start":{"line":19,"column":5},"end":{"line":19,"column":17}}},"3":{"name":"(anonymous_3)","line":23,"loc":{"start":{"line":23,"column":24},"end":{"line":23,"column":36}}},"4":{"name":"(anonymous_4)","line":61,"loc":{"start":{"line":61,"column":5},"end":{"line":61,"column":17}}},"5":{"name":"(anonymous_5)","line":82,"loc":{"start":{"line":82,"column":5},"end":{"line":82,"column":17}}},"6":{"name":"(anonymous_6)","line":91,"loc":{"start":{"line":91,"column":77},"end":{"line":94,"column":10}}},"7":{"name":"(anonymous_7)","line":112,"loc":{"start":{"line":112,"column":83},"end":{"line":115,"column":10}},"skip":true},"8":{"name":"(anonymous_8)","line":123,"loc":{"start":{"line":123,"column":77},"end":{"line":126,"column":10}},"skip":true},"9":{"name":"(anonymous_9)","line":139,"loc":{"start":{"line":139,"column":12},"end":{"line":139,"column":40}},"skip":true},"10":{"name":"(anonymous_10)","line":147,"loc":{"start":{"line":147,"column":77},"end":{"line":150,"column":10}},"skip":true},"11":{"name":"(anonymous_11)","line":158,"loc":{"start":{"line":158,"column":83},"end":{"line":161,"column":10}},"skip":true},"12":{"name":"(anonymous_12)","line":169,"loc":{"start":{"line":169,"column":79},"end":{"line":172,"column":10}},"skip":true},"13":{"name":"(anonymous_13)","line":180,"loc":{"start":{"line":180,"column":75},"end":{"line":183,"column":10}},"skip":true}},"statementMap":{"1":{"start":{"line":12,"column":0},"end":{"line":195,"column":5}},"2":{"start":{"line":14,"column":4},"end":{"line":14,"column":14}},"3":{"start":{"line":19,"column":4},"end":{"line":56,"column":9}},"4":{"start":{"line":21,"column":8},"end":{"line":21,"column":19}},"5":{"start":{"line":23,"column":8},"end":{"line":35,"column":13}},"6":{"start":{"line":24,"column":12},"end":{"line":34,"column":13}},"7":{"start":{"line":25,"column":16},"end":{"line":28,"column":30}},"8":{"start":{"line":30,"column":16},"end":{"line":33,"column":27}},"9":{"start":{"line":37,"column":8},"end":{"line":39,"column":21}},"10":{"start":{"line":40,"column":8},"end":{"line":53,"column":9}},"11":{"start":{"line":43,"column":12},"end":{"line":46,"column":14}},"12":{"start":{"line":47,"column":12},"end":{"line":47,"column":18}},"13":{"start":{"line":50,"column":12},"end":{"line":51,"column":46}},"14":{"start":{"line":52,"column":12},"end":{"line":52,"column":18}},"15":{"start":{"line":55,"column":8},"end":{"line":55,"column":35}},"16":{"start":{"line":61,"column":4},"end":{"line":63,"column":9}},"17":{"start":{"line":62,"column":8},"end":{"line":62,"column":15}},"18":{"start":{"line":64,"column":4},"end":{"line":77,"column":5}},"19":{"start":{"line":70,"column":8},"end":{"line":70,"column":14}},"20":{"start":{"line":76,"column":8},"end":{"line":76,"column":14}},"21":{"start":{"line":82,"column":4},"end":{"line":84,"column":9}},"22":{"start":{"line":83,"column":8},"end":{"line":83,"column":15}},"23":{"start":{"line":85,"column":4},"end":{"line":194,"column":5}},"24":{"start":{"line":91,"column":8},"end":{"line":99,"column":10}},"25":{"start":{"line":98,"column":12},"end":{"line":98,"column":35}},"26":{"start":{"line":102,"column":8},"end":{"line":104,"column":63}},"27":{"start":{"line":105,"column":8},"end":{"line":105,"column":14}},"28":{"start":{"line":112,"column":8},"end":{"line":121,"column":10},"skip":true},"29":{"start":{"line":119,"column":12},"end":{"line":119,"column":55},"skip":true},"30":{"start":{"line":120,"column":12},"end":{"line":120,"column":48},"skip":true},"31":{"start":{"line":123,"column":8},"end":{"line":136,"column":10},"skip":true},"32":{"start":{"line":130,"column":12},"end":{"line":130,"column":76},"skip":true},"33":{"start":{"line":131,"column":12},"end":{"line":131,"column":73},"skip":true},"34":{"start":{"line":132,"column":12},"end":{"line":132,"column":74},"skip":true},"35":{"start":{"line":133,"column":12},"end":{"line":133,"column":79},"skip":true},"36":{"start":{"line":134,"column":12},"end":{"line":134,"column":25},"skip":true},"37":{"start":{"line":135,"column":12},"end":{"line":135,"column":45},"skip":true},"38":{"start":{"line":138,"column":8},"end":{"line":145,"column":14},"skip":true},"39":{"start":{"line":143,"column":16},"end":{"line":143,"column":29},"skip":true},"40":{"start":{"line":144,"column":16},"end":{"line":144,"column":55},"skip":true},"41":{"start":{"line":147,"column":8},"end":{"line":156,"column":10},"skip":true},"42":{"start":{"line":154,"column":12},"end":{"line":154,"column":25},"skip":true},"43":{"start":{"line":155,"column":12},"end":{"line":155,"column":45},"skip":true},"44":{"start":{"line":158,"column":8},"end":{"line":167,"column":10},"skip":true},"45":{"start":{"line":165,"column":12},"end":{"line":165,"column":25},"skip":true},"46":{"start":{"line":166,"column":12},"end":{"line":166,"column":48},"skip":true},"47":{"start":{"line":169,"column":8},"end":{"line":178,"column":10},"skip":true},"48":{"start":{"line":176,"column":12},"end":{"line":176,"column":25},"skip":true},"49":{"start":{"line":177,"column":12},"end":{"line":177,"column":46},"skip":true},"50":{"start":{"line":180,"column":8},"end":{"line":189,"column":10},"skip":true},"51":{"start":{"line":187,"column":12},"end":{"line":187,"column":94},"skip":true},"52":{"start":{"line":188,"column":12},"end":{"line":188,"column":48},"skip":true},"53":{"start":{"line":192,"column":8},"end":{"line":192,"column":35},"skip":true},"54":{"start":{"line":193,"column":8},"end":{"line":193,"column":14},"skip":true}},"branchMap":{"1":{"line":25,"type":"binary-expr","locations":[{"start":{"line":25,"column":23},"end":{"line":25,"column":62}},{"start":{"line":26,"column":20},"end":{"line":26,"column":70}},{"start":{"line":27,"column":20},"end":{"line":27,"column":71}},{"start":{"line":28,"column":20},"end":{"line":28,"column":29}}]},"2":{"line":30,"type":"binary-expr","locations":[{"start":{"line":30,"column":23},"end":{"line":30,"column":37}},{"start":{"line":31,"column":20},"end":{"line":31,"column":61}},{"start":{"line":32,"column":20},"end":{"line":32,"column":70}},{"start":{"line":33,"column":20},"end":{"line":33,"column":26}}]},"3":{"line":37,"type":"cond-expr","locations":[{"start":{"line":38,"column":14},"end":{"line":38,"column":20}},{"start":{"line":39,"column":14},"end":{"line":39,"column":20}}]},"4":{"line":40,"type":"switch","locations":[{"start":{"line":42,"column":8},"end":{"line":47,"column":18}},{"start":{"line":49,"column":8},"end":{"line":52,"column":18}}]},"5":{"line":44,"type":"binary-expr","locations":[{"start":{"line":44,"column":16},"end":{"line":44,"column":44}},{"start":{"line":44,"column":48},"end":{"line":44,"column":66}}]},"6":{"line":50,"type":"binary-expr","locations":[{"start":{"line":50,"column":21},"end":{"line":50,"column":49}},{"start":{"line":50,"column":53},"end":{"line":50,"column":72}}]},"7":{"line":64,"type":"switch","locations":[{"start":{"line":69,"column":4},"end":{"line":70,"column":14}},{"start":{"line":75,"column":4},"end":{"line":76,"column":14}}]},"8":{"line":85,"type":"switch","locations":[{"start":{"line":90,"column":4},"end":{"line":105,"column":14}},{"start":{"line":111,"column":4},"end":{"line":193,"column":14},"skip":true}]},"9":{"line":91,"type":"binary-expr","locations":[{"start":{"line":91,"column":42},"end":{"line":91,"column":73}},{"start":{"line":91,"column":77},"end":{"line":99,"column":9}}]},"10":{"line":102,"type":"binary-expr","locations":[{"start":{"line":102,"column":18},"end":{"line":102,"column":32}},{"start":{"line":103,"column":12},"end":{"line":103,"column":53}},{"start":{"line":104,"column":12},"end":{"line":104,"column":61}}]},"11":{"line":112,"type":"binary-expr","locations":[{"start":{"line":112,"column":45},"end":{"line":112,"column":79},"skip":true},{"start":{"line":112,"column":83},"end":{"line":121,"column":9},"skip":true}]},"12":{"line":123,"type":"binary-expr","locations":[{"start":{"line":123,"column":42},"end":{"line":123,"column":73},"skip":true},{"start":{"line":123,"column":77},"end":{"line":136,"column":9},"skip":true}]},"13":{"line":138,"type":"binary-expr","locations":[{"start":{"line":138,"column":48},"end":{"line":138,"column":85},"skip":true},{"start":{"line":139,"column":12},"end":{"line":145,"column":13},"skip":true}]},"14":{"line":147,"type":"binary-expr","locations":[{"start":{"line":147,"column":42},"end":{"line":147,"column":73},"skip":true},{"start":{"line":147,"column":77},"end":{"line":156,"column":9},"skip":true}]},"15":{"line":158,"type":"binary-expr","locations":[{"start":{"line":158,"column":45},"end":{"line":158,"column":79},"skip":true},{"start":{"line":158,"column":83},"end":{"line":167,"column":9},"skip":true}]},"16":{"line":169,"type":"binary-expr","locations":[{"start":{"line":169,"column":43},"end":{"line":169,"column":75},"skip":true},{"start":{"line":169,"column":79},"end":{"line":178,"column":9},"skip":true}]},"17":{"line":180,"type":"binary-expr","locations":[{"start":{"line":180,"column":41},"end":{"line":180,"column":71},"skip":true},{"start":{"line":180,"column":75},"end":{"line":189,"column":9},"skip":true}]}},"code":["/* istanbul instrument in package npmtest_isparta */","/*jslint","    bitwise: true,","    browser: true,","    maxerr: 8,","    maxlen: 96,","    node: true,","    nomen: true,","    regexp: true,","    stupid: true","*/","(function () {","    'use strict';","    var local;","","","","    // run shared js-env code - pre-init","    (function () {","        // init local","        local = {};","        // init modeJs","        local.modeJs = (function () {","            try {","                return typeof navigator.userAgent === 'string' &&","                    typeof document.querySelector('body') === 'object' &&","                    typeof XMLHttpRequest.prototype.open === 'function' &&","                    'browser';","            } catch (errorCaughtBrowser) {","                return module.exports &&","                    typeof process.versions.node === 'string' &&","                    typeof require('http').createServer === 'function' &&","                    'node';","            }","        }());","        // init global","        local.global = local.modeJs === 'browser'","            ? window","            : global;","        switch (local.modeJs) {","        // re-init local from window.local","        case 'browser':","            local = local.global.utility2.objectSetDefault(","                local.global.utility2_rollup || local.global.local,","                local.global.utility2","            );","            break;","        // re-init local from example.js","        case 'node':","            local = (local.global.utility2_rollup || require('utility2'))","                .requireExampleJsFromReadme();","            break;","        }","        // export local","        local.global.local = local;","    }());","","","","    // run shared js-env code - function","    (function () {","        return;","    }());","    switch (local.modeJs) {","","","","    // run browser js-env code - function","    case 'browser':","        break;","","","","    // run node js-env code - function","    case 'node':","        break;","    }","","","","    // run shared js-env code - post-init","    (function () {","        return;","    }());","    switch (local.modeJs) {","","","","    // run browser js-env code - post-init","    case 'browser':","        local.testCase_browser_nullCase = local.testCase_browser_nullCase || function (","            options,","            onError","        ) {","        /*","         * this function will test browsers's null-case handling-behavior-behavior","         */","            onError(null, options);","        };","","        // run tests","        local.nop(local.modeTest &&","            document.querySelector('#testRunButton1') &&","            document.querySelector('#testRunButton1').click());","        break;","","","","    // run node js-env code - post-init","    /* istanbul ignore next */","    case 'node':","        local.testCase_buildApidoc_default = local.testCase_buildApidoc_default || function (","            options,","            onError","        ) {","        /*","         * this function will test buildApidoc's default handling-behavior-behavior","         */","            options = { modulePathList: module.paths };","            local.buildApidoc(options, onError);","        };","","        local.testCase_buildApp_default = local.testCase_buildApp_default || function (","            options,","            onError","        ) {","        /*","         * this function will test buildApp's default handling-behavior-behavior","         */","            local.testCase_buildReadme_default(options, local.onErrorThrow);","            local.testCase_buildLib_default(options, local.onErrorThrow);","            local.testCase_buildTest_default(options, local.onErrorThrow);","            local.testCase_buildCustomOrg_default(options, local.onErrorThrow);","            options = [];","            local.buildApp(options, onError);","        };","","        local.testCase_buildCustomOrg_default = local.testCase_buildCustomOrg_default ||","            function (options, onError) {","            /*","             * this function will test buildCustomOrg's default handling-behavior","             */","                options = {};","                local.buildCustomOrg(options, onError);","            };","","        local.testCase_buildLib_default = local.testCase_buildLib_default || function (","            options,","            onError","        ) {","        /*","         * this function will test buildLib's default handling-behavior","         */","            options = {};","            local.buildLib(options, onError);","        };","","        local.testCase_buildReadme_default = local.testCase_buildReadme_default || function (","            options,","            onError","        ) {","        /*","         * this function will test buildReadme's default handling-behavior-behavior","         */","            options = {};","            local.buildReadme(options, onError);","        };","","        local.testCase_buildTest_default = local.testCase_buildTest_default || function (","            options,","            onError","        ) {","        /*","         * this function will test buildTest's default handling-behavior","         */","            options = {};","            local.buildTest(options, onError);","        };","","        local.testCase_webpage_default = local.testCase_webpage_default || function (","            options,","            onError","        ) {","        /*","         * this function will test webpage's default handling-behavior","         */","            options = { modeCoverageMerge: true, url: local.serverLocalHost + '?modeTest=1' };","            local.browserTest(options, onError);","        };","","        // run test-server","        local.testRunServer(local);","        break;","    }","}());",""],"l":{"12":2,"14":2,"19":2,"21":2,"23":2,"24":2,"25":2,"30":1,"37":2,"40":2,"43":1,"47":1,"50":1,"52":1,"55":2,"61":2,"62":2,"64":2,"70":1,"76":1,"82":2,"83":2,"85":2,"91":1,"98":1,"102":1,"105":1,"112":1,"119":1,"120":1,"123":1,"130":1,"131":1,"132":1,"133":1,"134":1,"135":1,"138":1,"143":2,"144":2,"147":1,"154":2,"155":2,"158":1,"165":2,"166":2,"169":1,"176":2,"177":2,"180":1,"187":1,"188":1,"192":1,"193":1}},"/home/travis/build/npmtest/node-npmtest-isparta/lib.npmtest_isparta.js":{"path":"/home/travis/build/npmtest/node-npmtest-isparta/lib.npmtest_isparta.js","s":{"1":2,"2":2,"3":2,"4":2,"5":2,"6":2,"7":2,"8":1,"9":2,"10":2,"11":2,"12":2,"13":1,"14":1,"15":1,"16":1},"b":{"1":[2,1,1,1],"2":[1,1,1,1],"3":[1,1],"4":[2,2],"5":[1,1]},"f":{"1":2,"2":2,"3":2},"fnMap":{"1":{"name":"(anonymous_1)","line":12,"loc":{"start":{"line":12,"column":1},"end":{"line":12,"column":13}}},"2":{"name":"(anonymous_2)","line":19,"loc":{"start":{"line":19,"column":5},"end":{"line":19,"column":17}}},"3":{"name":"(anonymous_3)","line":23,"loc":{"start":{"line":23,"column":24},"end":{"line":23,"column":36}}}},"statementMap":{"1":{"start":{"line":12,"column":0},"end":{"line":53,"column":5}},"2":{"start":{"line":14,"column":4},"end":{"line":14,"column":14}},"3":{"start":{"line":19,"column":4},"end":{"line":52,"column":9}},"4":{"start":{"line":21,"column":8},"end":{"line":21,"column":19}},"5":{"start":{"line":23,"column":8},"end":{"line":35,"column":13}},"6":{"start":{"line":24,"column":12},"end":{"line":34,"column":13}},"7":{"start":{"line":25,"column":16},"end":{"line":28,"column":30}},"8":{"start":{"line":30,"column":16},"end":{"line":33,"column":27}},"9":{"start":{"line":37,"column":8},"end":{"line":39,"column":21}},"10":{"start":{"line":41,"column":8},"end":{"line":41,"column":54}},"11":{"start":{"line":43,"column":8},"end":{"line":43,"column":52}},"12":{"start":{"line":45,"column":8},"end":{"line":51,"column":9}},"13":{"start":{"line":46,"column":12},"end":{"line":46,"column":58}},"14":{"start":{"line":48,"column":12},"end":{"line":48,"column":35}},"15":{"start":{"line":49,"column":12},"end":{"line":49,"column":49}},"16":{"start":{"line":50,"column":12},"end":{"line":50,"column":43}}},"branchMap":{"1":{"line":25,"type":"binary-expr","locations":[{"start":{"line":25,"column":23},"end":{"line":25,"column":62}},{"start":{"line":26,"column":20},"end":{"line":26,"column":70}},{"start":{"line":27,"column":20},"end":{"line":27,"column":71}},{"start":{"line":28,"column":20},"end":{"line":28,"column":29}}]},"2":{"line":30,"type":"binary-expr","locations":[{"start":{"line":30,"column":23},"end":{"line":30,"column":37}},{"start":{"line":31,"column":20},"end":{"line":31,"column":61}},{"start":{"line":32,"column":20},"end":{"line":32,"column":70}},{"start":{"line":33,"column":20},"end":{"line":33,"column":26}}]},"3":{"line":37,"type":"cond-expr","locations":[{"start":{"line":38,"column":14},"end":{"line":38,"column":20}},{"start":{"line":39,"column":14},"end":{"line":39,"column":20}}]},"4":{"line":41,"type":"binary-expr","locations":[{"start":{"line":41,"column":16},"end":{"line":41,"column":44}},{"start":{"line":41,"column":48},"end":{"line":41,"column":53}}]},"5":{"line":45,"type":"if","locations":[{"start":{"line":45,"column":8},"end":{"line":45,"column":8}},{"start":{"line":45,"column":8},"end":{"line":45,"column":8}}]}},"code":["/* istanbul instrument in package npmtest_isparta */","/*jslint","    bitwise: true,","    browser: true,","    maxerr: 8,","    maxlen: 96,","    node: true,","    nomen: true,","    regexp: true,","    stupid: true","*/","(function () {","    'use strict';","    var local;","","","","    // run shared js-env code - pre-init","    (function () {","        // init local","        local = {};","        // init modeJs","        local.modeJs = (function () {","            try {","                return typeof navigator.userAgent === 'string' &&","                    typeof document.querySelector('body') === 'object' &&","                    typeof XMLHttpRequest.prototype.open === 'function' &&","                    'browser';","            } catch (errorCaughtBrowser) {","                return module.exports &&","                    typeof process.versions.node === 'string' &&","                    typeof require('http').createServer === 'function' &&","                    'node';","            }","        }());","        // init global","        local.global = local.modeJs === 'browser'","            ? window","            : global;","        // init utility2_rollup","        local = local.global.utility2_rollup || local;","        // init lib","        local.local = local.npmtest_isparta = local;","        // init exports","        if (local.modeJs === 'browser') {","            local.global.utility2_npmtest_isparta = local;","        } else {","            module.exports = local;","            module.exports.__dirname = __dirname;","            module.exports.module = module;","        }","    }());","}());",""],"l":{"12":2,"14":2,"19":2,"21":2,"23":2,"24":2,"25":2,"30":1,"37":2,"41":2,"43":2,"45":2,"46":1,"48":1,"49":1,"50":1}},"/home/travis/build/npmtest/node-npmtest-isparta/example.js":{"path":"/home/travis/build/npmtest/node-npmtest-isparta/example.js","s":{"1":2,"2":2,"3":2,"4":2,"5":2,"6":2,"7":2,"8":1,"9":2,"10":2,"11":2,"12":2,"13":1,"14":2,"15":2,"16":2,"17":2,"18":2,"19":0,"20":2,"21":1,"22":1,"23":1,"24":1,"25":1,"26":0,"27":0,"28":1,"29":1,"30":2,"31":0,"32":0,"33":0,"34":1,"35":2,"36":2,"37":3,"38":3,"39":3,"40":3,"41":0,"42":3,"43":3,"44":3,"45":1,"46":3,"47":1,"48":1,"49":1,"50":1,"51":1,"52":1,"53":1,"54":1,"55":1,"56":1,"57":0,"58":1,"59":6,"60":6,"61":1,"62":2,"63":0,"64":2,"65":1,"66":1,"67":0,"68":0,"69":0,"70":0,"71":0,"72":0,"73":0,"74":0,"75":0,"76":0,"77":0,"78":0,"79":0,"80":0,"81":0,"82":0,"83":0},"b":{"1":[2,1,1,1],"2":[1,1,1,1],"3":[1,1],"4":[2,2],"5":[1,1],"6":[1,1],"7":[2,0],"8":[2,1,1,1,1,1],"9":[0,2,0],"10":[1,1],"11":[2,1,1],"12":[1,0],"13":[0,2],"14":[2,0,0,0,0,0,0],"15":[0,3],"16":[3,0],"17":[1,1],"18":[0,1],"19":[1,2,0,2],"20":[1,0],"21":[1,1],"22":[0,0],"23":[0,0],"24":[0,0],"25":[0,0],"26":[0,0],"27":[0,0],"28":[0,0]},"f":{"1":2,"2":2,"3":2,"4":2,"5":2,"6":2,"7":3,"8":3,"9":3,"10":1,"11":6,"12":0},"fnMap":{"1":{"name":"(anonymous_1)","line":26,"loc":{"start":{"line":26,"column":1},"end":{"line":26,"column":13}}},"2":{"name":"(anonymous_2)","line":33,"loc":{"start":{"line":33,"column":5},"end":{"line":33,"column":17}}},"3":{"name":"(anonymous_3)","line":37,"loc":{"start":{"line":37,"column":24},"end":{"line":37,"column":36}}},"4":{"name":"(anonymous_4)","line":69,"loc":{"start":{"line":69,"column":31},"end":{"line":69,"column":48}},"skip":true},"5":{"name":"(anonymous_5)","line":78,"loc":{"start":{"line":78,"column":26},"end":{"line":78,"column":45}},"skip":true},"6":{"name":"(anonymous_6)","line":123,"loc":{"start":{"line":123,"column":33},"end":{"line":123,"column":48}},"skip":true},"7":{"name":"(anonymous_7)","line":125,"loc":{"start":{"line":125,"column":27},"end":{"line":125,"column":39}},"skip":true},"8":{"name":"(anonymous_8)","line":133,"loc":{"start":{"line":133,"column":59},"end":{"line":133,"column":74}},"skip":true},"9":{"name":"(anonymous_9)","line":143,"loc":{"start":{"line":143,"column":45},"end":{"line":143,"column":62}},"skip":true},"10":{"name":"(anonymous_10)","line":144,"loc":{"start":{"line":144,"column":73},"end":{"line":144,"column":92}},"skip":true},"11":{"name":"(anonymous_11)","line":272,"loc":{"start":{"line":272,"column":51},"end":{"line":272,"column":77}},"skip":true},"12":{"name":"(anonymous_12)","line":315,"loc":{"start":{"line":315,"column":32},"end":{"line":315,"column":61}},"skip":true}},"statementMap":{"1":{"start":{"line":26,"column":0},"end":{"line":326,"column":5}},"2":{"start":{"line":28,"column":4},"end":{"line":28,"column":14}},"3":{"start":{"line":33,"column":4},"end":{"line":60,"column":9}},"4":{"start":{"line":35,"column":8},"end":{"line":35,"column":19}},"5":{"start":{"line":37,"column":8},"end":{"line":49,"column":13}},"6":{"start":{"line":38,"column":12},"end":{"line":48,"column":13}},"7":{"start":{"line":39,"column":16},"end":{"line":42,"column":30}},"8":{"start":{"line":44,"column":16},"end":{"line":47,"column":27}},"9":{"start":{"line":51,"column":8},"end":{"line":53,"column":21}},"10":{"start":{"line":55,"column":8},"end":{"line":57,"column":45}},"11":{"start":{"line":59,"column":8},"end":{"line":59,"column":35}},"12":{"start":{"line":61,"column":4},"end":{"line":325,"column":5}},"13":{"start":{"line":69,"column":8},"end":{"line":121,"column":10},"skip":true},"14":{"start":{"line":70,"column":12},"end":{"line":88,"column":13},"skip":true},"15":{"start":{"line":76,"column":16},"end":{"line":87,"column":19},"skip":true},"16":{"start":{"line":79,"column":20},"end":{"line":86,"column":21},"skip":true},"17":{"start":{"line":82,"column":24},"end":{"line":82,"column":43},"skip":true},"18":{"start":{"line":83,"column":24},"end":{"line":83,"column":30},"skip":true},"19":{"start":{"line":85,"column":24},"end":{"line":85,"column":49},"skip":true},"20":{"start":{"line":89,"column":12},"end":{"line":107,"column":13},"skip":true},"21":{"start":{"line":92,"column":16},"end":{"line":102,"column":17},"skip":true},"22":{"start":{"line":93,"column":20},"end":{"line":93,"column":86},"skip":true},"23":{"start":{"line":94,"column":20},"end":{"line":95,"column":45},"skip":true},"24":{"start":{"line":96,"column":20},"end":{"line":96,"column":42},"skip":true},"25":{"start":{"line":97,"column":20},"end":{"line":97,"column":48},"skip":true},"26":{"start":{"line":100,"column":20},"end":{"line":100,"column":85},"skip":true},"27":{"start":{"line":101,"column":20},"end":{"line":101,"column":96},"skip":true},"28":{"start":{"line":103,"column":16},"end":{"line":103,"column":22},"skip":true},"29":{"start":{"line":106,"column":16},"end":{"line":106,"column":22},"skip":true},"30":{"start":{"line":108,"column":12},"end":{"line":120,"column":13},"skip":true},"31":{"start":{"line":114,"column":16},"end":{"line":119,"column":17},"skip":true},"32":{"start":{"line":116,"column":20},"end":{"line":116,"column":78},"skip":true},"33":{"start":{"line":118,"column":20},"end":{"line":118,"column":47},"skip":true},"34":{"start":{"line":123,"column":8},"end":{"line":141,"column":11},"skip":true},"35":{"start":{"line":124,"column":12},"end":{"line":124,"column":54},"skip":true},"36":{"start":{"line":125,"column":12},"end":{"line":140,"column":14},"skip":true},"37":{"start":{"line":126,"column":16},"end":{"line":126,"column":28},"skip":true},"38":{"start":{"line":127,"column":16},"end":{"line":127,"column":69},"skip":true},"39":{"start":{"line":128,"column":16},"end":{"line":128,"column":75},"skip":true},"40":{"start":{"line":129,"column":16},"end":{"line":131,"column":17},"skip":true},"41":{"start":{"line":130,"column":20},"end":{"line":130,"column":27},"skip":true},"42":{"start":{"line":133,"column":16},"end":{"line":137,"column":36},"skip":true},"43":{"start":{"line":134,"column":20},"end":{"line":136,"column":55},"skip":true},"44":{"start":{"line":139,"column":16},"end":{"line":139,"column":57},"skip":true},"45":{"start":{"line":143,"column":8},"end":{"line":147,"column":11},"skip":true},"46":{"start":{"line":144,"column":12},"end":{"line":146,"column":15},"skip":true},"47":{"start":{"line":145,"column":16},"end":{"line":145,"column":70},"skip":true},"48":{"start":{"line":149,"column":8},"end":{"line":149,"column":31},"skip":true},"49":{"start":{"line":150,"column":8},"end":{"line":150,"column":14},"skip":true},"50":{"start":{"line":158,"column":8},"end":{"line":158,"column":31},"skip":true},"51":{"start":{"line":160,"column":8},"end":{"line":160,"column":33},"skip":true},"52":{"start":{"line":161,"column":8},"end":{"line":161,"column":37},"skip":true},"53":{"start":{"line":162,"column":8},"end":{"line":162,"column":35},"skip":true},"54":{"start":{"line":164,"column":8},"end":{"line":164,"column":50},"skip":true},"55":{"start":{"line":166,"column":8},"end":{"line":256,"column":2},"skip":true},"56":{"start":{"line":258,"column":8},"end":{"line":286,"column":9},"skip":true},"57":{"start":{"line":259,"column":12},"end":{"line":269,"column":14},"skip":true},"58":{"start":{"line":271,"column":12},"end":{"line":285,"column":19},"skip":true},"59":{"start":{"line":274,"column":20},"end":{"line":274,"column":35},"skip":true},"60":{"start":{"line":275,"column":20},"end":{"line":284,"column":21},"skip":true},"61":{"start":{"line":277,"column":24},"end":{"line":277,"column":64},"skip":true},"62":{"start":{"line":279,"column":24},"end":{"line":279,"column":40},"skip":true},"63":{"start":{"line":281,"column":24},"end":{"line":281,"column":40},"skip":true},"64":{"start":{"line":283,"column":24},"end":{"line":283,"column":39},"skip":true},"65":{"start":{"line":288,"column":8},"end":{"line":290,"column":9},"skip":true},"66":{"start":{"line":289,"column":12},"end":{"line":289,"column":18},"skip":true},"67":{"start":{"line":291,"column":8},"end":{"line":293,"column":54},"skip":true},"68":{"start":{"line":296,"column":8},"end":{"line":301,"column":37},"skip":true},"69":{"start":{"line":303,"column":8},"end":{"line":303,"column":82},"skip":true},"70":{"start":{"line":306,"column":8},"end":{"line":308,"column":9},"skip":true},"71":{"start":{"line":307,"column":12},"end":{"line":307,"column":82},"skip":true},"72":{"start":{"line":310,"column":8},"end":{"line":312,"column":9},"skip":true},"73":{"start":{"line":311,"column":12},"end":{"line":311,"column":18},"skip":true},"74":{"start":{"line":313,"column":8},"end":{"line":313,"column":54},"skip":true},"75":{"start":{"line":314,"column":8},"end":{"line":314,"column":69},"skip":true},"76":{"start":{"line":315,"column":8},"end":{"line":323,"column":36},"skip":true},"77":{"start":{"line":316,"column":12},"end":{"line":316,"column":61},"skip":true},"78":{"start":{"line":317,"column":12},"end":{"line":320,"column":13},"skip":true},"79":{"start":{"line":318,"column":16},"end":{"line":318,"column":75},"skip":true},"80":{"start":{"line":319,"column":16},"end":{"line":319,"column":23},"skip":true},"81":{"start":{"line":321,"column":12},"end":{"line":321,"column":38},"skip":true},"82":{"start":{"line":322,"column":12},"end":{"line":322,"column":27},"skip":true},"83":{"start":{"line":324,"column":8},"end":{"line":324,"column":14},"skip":true}},"branchMap":{"1":{"line":39,"type":"binary-expr","locations":[{"start":{"line":39,"column":23},"end":{"line":39,"column":62}},{"start":{"line":40,"column":20},"end":{"line":40,"column":70}},{"start":{"line":41,"column":20},"end":{"line":41,"column":71}},{"start":{"line":42,"column":20},"end":{"line":42,"column":29}}]},"2":{"line":44,"type":"binary-expr","locations":[{"start":{"line":44,"column":23},"end":{"line":44,"column":37}},{"start":{"line":45,"column":20},"end":{"line":45,"column":61}},{"start":{"line":46,"column":20},"end":{"line":46,"column":70}},{"start":{"line":47,"column":20},"end":{"line":47,"column":26}}]},"3":{"line":51,"type":"cond-expr","locations":[{"start":{"line":52,"column":14},"end":{"line":52,"column":20}},{"start":{"line":53,"column":14},"end":{"line":53,"column":20}}]},"4":{"line":55,"type":"binary-expr","locations":[{"start":{"line":55,"column":16},"end":{"line":55,"column":44}},{"start":{"line":55,"column":49},"end":{"line":57,"column":43}}]},"5":{"line":55,"type":"cond-expr","locations":[{"start":{"line":56,"column":14},"end":{"line":56,"column":51}},{"start":{"line":57,"column":14},"end":{"line":57,"column":43}}]},"6":{"line":61,"type":"switch","locations":[{"start":{"line":68,"column":4},"end":{"line":150,"column":14},"skip":true},{"start":{"line":156,"column":4},"end":{"line":324,"column":14},"skip":true}]},"7":{"line":70,"type":"if","locations":[{"start":{"line":70,"column":12},"end":{"line":70,"column":12},"skip":true},{"start":{"line":70,"column":12},"end":{"line":70,"column":12},"skip":true}]},"8":{"line":70,"type":"binary-expr","locations":[{"start":{"line":70,"column":16},"end":{"line":70,"column":22},"skip":true},{"start":{"line":70,"column":27},"end":{"line":70,"column":32},"skip":true},{"start":{"line":71,"column":20},"end":{"line":71,"column":39},"skip":true},{"start":{"line":72,"column":20},"end":{"line":72,"column":49},"skip":true},{"start":{"line":73,"column":20},"end":{"line":73,"column":58},"skip":true},{"start":{"line":74,"column":20},"end":{"line":74,"column":69},"skip":true}]},"9":{"line":79,"type":"switch","locations":[{"start":{"line":80,"column":20},"end":{"line":80,"column":33},"skip":true},{"start":{"line":81,"column":20},"end":{"line":83,"column":30},"skip":true},{"start":{"line":84,"column":20},"end":{"line":85,"column":49},"skip":true}]},"10":{"line":89,"type":"switch","locations":[{"start":{"line":90,"column":12},"end":{"line":103,"column":22},"skip":true},{"start":{"line":105,"column":12},"end":{"line":106,"column":22},"skip":true}]},"11":{"line":89,"type":"binary-expr","locations":[{"start":{"line":89,"column":20},"end":{"line":89,"column":25},"skip":true},{"start":{"line":89,"column":29},"end":{"line":89,"column":48},"skip":true},{"start":{"line":89,"column":52},"end":{"line":89,"column":74},"skip":true}]},"12":{"line":92,"type":"if","locations":[{"start":{"line":92,"column":16},"end":{"line":92,"column":16},"skip":true},{"start":{"line":92,"column":16},"end":{"line":92,"column":16},"skip":true}]},"13":{"line":108,"type":"if","locations":[{"start":{"line":108,"column":12},"end":{"line":108,"column":12},"skip":true},{"start":{"line":108,"column":12},"end":{"line":108,"column":12},"skip":true}]},"14":{"line":108,"type":"binary-expr","locations":[{"start":{"line":108,"column":16},"end":{"line":108,"column":61},"skip":true},{"start":{"line":108,"column":66},"end":{"line":108,"column":72},"skip":true},{"start":{"line":108,"column":77},"end":{"line":108,"column":82},"skip":true},{"start":{"line":109,"column":20},"end":{"line":109,"column":39},"skip":true},{"start":{"line":110,"column":20},"end":{"line":110,"column":49},"skip":true},{"start":{"line":111,"column":20},"end":{"line":111,"column":58},"skip":true},{"start":{"line":112,"column":20},"end":{"line":112,"column":68},"skip":true}]},"15":{"line":129,"type":"if","locations":[{"start":{"line":129,"column":16},"end":{"line":129,"column":16},"skip":true},{"start":{"line":129,"column":16},"end":{"line":129,"column":16},"skip":true}]},"16":{"line":134,"type":"cond-expr","locations":[{"start":{"line":135,"column":26},"end":{"line":135,"column":29},"skip":true},{"start":{"line":136,"column":26},"end":{"line":136,"column":54},"skip":true}]},"17":{"line":164,"type":"binary-expr","locations":[{"start":{"line":164,"column":27},"end":{"line":164,"column":43},"skip":true},{"start":{"line":164,"column":47},"end":{"line":164,"column":49},"skip":true}]},"18":{"line":258,"type":"if","locations":[{"start":{"line":258,"column":8},"end":{"line":258,"column":8},"skip":true},{"start":{"line":258,"column":8},"end":{"line":258,"column":8},"skip":true}]},"19":{"line":275,"type":"switch","locations":[{"start":{"line":276,"column":20},"end":{"line":277,"column":64},"skip":true},{"start":{"line":278,"column":20},"end":{"line":279,"column":40},"skip":true},{"start":{"line":280,"column":20},"end":{"line":281,"column":40},"skip":true},{"start":{"line":282,"column":20},"end":{"line":283,"column":39},"skip":true}]},"20":{"line":288,"type":"if","locations":[{"start":{"line":288,"column":8},"end":{"line":288,"column":8},"skip":true},{"start":{"line":288,"column":8},"end":{"line":288,"column":8},"skip":true}]},"21":{"line":288,"type":"binary-expr","locations":[{"start":{"line":288,"column":12},"end":{"line":288,"column":40},"skip":true},{"start":{"line":288,"column":44},"end":{"line":288,"column":67},"skip":true}]},"22":{"line":292,"type":"binary-expr","locations":[{"start":{"line":292,"column":12},"end":{"line":292,"column":50},"skip":true},{"start":{"line":293,"column":12},"end":{"line":293,"column":53},"skip":true}]},"23":{"line":297,"type":"binary-expr","locations":[{"start":{"line":297,"column":12},"end":{"line":297,"column":65},"skip":true},{"start":{"line":298,"column":12},"end":{"line":301,"column":36},"skip":true}]},"24":{"line":303,"type":"binary-expr","locations":[{"start":{"line":303,"column":43},"end":{"line":303,"column":75},"skip":true},{"start":{"line":303,"column":79},"end":{"line":303,"column":81},"skip":true}]},"25":{"line":306,"type":"if","locations":[{"start":{"line":306,"column":8},"end":{"line":306,"column":8},"skip":true},{"start":{"line":306,"column":8},"end":{"line":306,"column":8},"skip":true}]},"26":{"line":310,"type":"if","locations":[{"start":{"line":310,"column":8},"end":{"line":310,"column":8},"skip":true},{"start":{"line":310,"column":8},"end":{"line":310,"column":8},"skip":true}]},"27":{"line":313,"type":"binary-expr","locations":[{"start":{"line":313,"column":27},"end":{"line":313,"column":43},"skip":true},{"start":{"line":313,"column":47},"end":{"line":313,"column":53},"skip":true}]},"28":{"line":317,"type":"if","locations":[{"start":{"line":317,"column":12},"end":{"line":317,"column":12},"skip":true},{"start":{"line":317,"column":12},"end":{"line":317,"column":12},"skip":true}]}},"code":["/*","example.js","","quickstart example","","instruction","    1. save this script as example.js","    2. run the shell command:","        $ npm install npmtest-isparta && PORT=8081 node example.js","    3. play with the browser-demo on http://127.0.0.1:8081","*/","","","","/* istanbul instrument in package npmtest_isparta */","/*jslint","    bitwise: true,","    browser: true,","    maxerr: 8,","    maxlen: 96,","    node: true,","    nomen: true,","    regexp: true,","    stupid: true","*/","(function () {","    'use strict';","    var local;","","","","    // run shared js-env code - pre-init","    (function () {","        // init local","        local = {};","        // init modeJs","        local.modeJs = (function () {","            try {","                return typeof navigator.userAgent === 'string' &&","                    typeof document.querySelector('body') === 'object' &&","                    typeof XMLHttpRequest.prototype.open === 'function' &&","                    'browser';","            } catch (errorCaughtBrowser) {","                return module.exports &&","                    typeof process.versions.node === 'string' &&","                    typeof require('http').createServer === 'function' &&","                    'node';","            }","        }());","        // init global","        local.global = local.modeJs === 'browser'","            ? window","            : global;","        // init utility2_rollup","        local = local.global.utility2_rollup || (local.modeJs === 'browser'","            ? local.global.utility2_npmtest_isparta","            : global.utility2_moduleExports);","        // export local","        local.global.local = local;","    }());","    switch (local.modeJs) {","","","","    // post-init","    // run browser js-env code - post-init","    /* istanbul ignore next */","    case 'browser':","        local.testRunBrowser = function (event) {","            if (!event || (event &&","                    event.currentTarget &&","                    event.currentTarget.className &&","                    event.currentTarget.className.includes &&","                    event.currentTarget.className.includes('onreset'))) {","                // reset output","                Array.from(","                    document.querySelectorAll('body > .resettable')","                ).forEach(function (element) {","                    switch (element.tagName) {","                    case 'INPUT':","                    case 'TEXTAREA':","                        element.value = '';","                        break;","                    default:","                        element.textContent = '';","                    }","                });","            }","            switch (event && event.currentTarget && event.currentTarget.id) {","            case 'testRunButton1':","                // show tests","                if (document.querySelector('#testReportDiv1').style.display === 'none') {","                    document.querySelector('#testReportDiv1').style.display = 'block';","                    document.querySelector('#testRunButton1').textContent =","                        'hide internal test';","                    local.modeTest = true;","                    local.testRunDefault(local);","                // hide tests","                } else {","                    document.querySelector('#testReportDiv1').style.display = 'none';","                    document.querySelector('#testRunButton1').textContent = 'run internal test';","                }","                break;","            // custom-case","            default:","                break;","            }","            if (document.querySelector('#inputTextareaEval1') && (!event || (event &&","                    event.currentTarget &&","                    event.currentTarget.className &&","                    event.currentTarget.className.includes &&","                    event.currentTarget.className.includes('oneval')))) {","                // try to eval input-code","                try {","                    /*jslint evil: true*/","                    eval(document.querySelector('#inputTextareaEval1').value);","                } catch (errorCaught) {","                    console.error(errorCaught);","                }","            }","        };","        // log stderr and stdout to #outputTextareaStdout1","        ['error', 'log'].forEach(function (key) {","            console[key + '_original'] = console[key];","            console[key] = function () {","                var element;","                console[key + '_original'].apply(console, arguments);","                element = document.querySelector('#outputTextareaStdout1');","                if (!element) {","                    return;","                }","                // append text to #outputTextareaStdout1","                element.value += Array.from(arguments).map(function (arg) {","                    return typeof arg === 'string'","                        ? arg","                        : JSON.stringify(arg, null, 4);","                }).join(' ') + '\\n';","                // scroll textarea to bottom","                element.scrollTop = element.scrollHeight;","            };","        });","        // init event-handling","        ['change', 'click', 'keyup'].forEach(function (event) {","            Array.from(document.querySelectorAll('.on' + event)).forEach(function (element) {","                element.addEventListener(event, local.testRunBrowser);","            });","        });","        // run tests","        local.testRunBrowser();","        break;","","","","    // run node js-env code - post-init","    /* istanbul ignore next */","    case 'node':","        // export local","        module.exports = local;","        // require modules","        local.fs = require('fs');","        local.http = require('http');","        local.url = require('url');","        // init assets","        local.assetsDict = local.assetsDict || {};","        /* jslint-ignore-begin */","        local.assetsDict['/assets.index.template.html'] = '\\","<!doctype html>\\n\\","<html lang=\"en\">\\n\\","<head>\\n\\","<meta charset=\"UTF-8\">\\n\\","<meta name=\"viewport\" content=\"width=device-width, initial-scale=1\">\\n\\","<title>{{env.npm_package_name}} (v{{env.npm_package_version}})</title>\\n\\","<style>\\n\\","/*csslint\\n\\","    box-sizing: false,\\n\\","    universal-selector: false\\n\\","*/\\n\\","* {\\n\\","    box-sizing: border-box;\\n\\","}\\n\\","body {\\n\\","    background: #dde;\\n\\","    font-family: Arial, Helvetica, sans-serif;\\n\\","    margin: 2rem;\\n\\","}\\n\\","body > * {\\n\\","    margin-bottom: 1rem;\\n\\","}\\n\\",".utility2FooterDiv {\\n\\","    margin-top: 20px;\\n\\","    text-align: center;\\n\\","}\\n\\","</style>\\n\\","<style>\\n\\","/*csslint\\n\\","*/\\n\\","textarea {\\n\\","    font-family: monospace;\\n\\","    height: 10rem;\\n\\","    width: 100%;\\n\\","}\\n\\","textarea[readonly] {\\n\\","    background: #ddd;\\n\\","}\\n\\","</style>\\n\\","</head>\\n\\","<body>\\n\\","<!-- utility2-comment\\n\\","<div id=\"ajaxProgressDiv1\" style=\"background: #d00; height: 2px; left: 0; margin: 0; padding: 0; position: fixed; top: 0; transition: background 0.5s, width 1.5s; width: 25%;\"></div>\\n\\","utility2-comment -->\\n\\","<h1>\\n\\","<!-- utility2-comment\\n\\","    <a\\n\\","        {{#if env.npm_package_homepage}}\\n\\","        href=\"{{env.npm_package_homepage}}\"\\n\\","        {{/if env.npm_package_homepage}}\\n\\","        target=\"_blank\"\\n\\","    >\\n\\","utility2-comment -->\\n\\","        {{env.npm_package_name}} (v{{env.npm_package_version}})\\n\\","<!-- utility2-comment\\n\\","    </a>\\n\\","utility2-comment -->\\n\\","</h1>\\n\\","<h3>{{env.npm_package_description}}</h3>\\n\\","<!-- utility2-comment\\n\\","<h4><a download href=\"assets.app.js\">download standalone app</a></h4>\\n\\","<button class=\"onclick onreset\" id=\"testRunButton1\">run internal test</button><br>\\n\\","<div id=\"testReportDiv1\" style=\"display: none;\"></div>\\n\\","utility2-comment -->\\n\\","\\n\\","\\n\\","\\n\\","<label>stderr and stdout</label>\\n\\","<textarea class=\"resettable\" id=\"outputTextareaStdout1\" readonly></textarea>\\n\\","<!-- utility2-comment\\n\\","{{#if isRollup}}\\n\\","<script src=\"assets.app.js\"></script>\\n\\","{{#unless isRollup}}\\n\\","utility2-comment -->\\n\\","<script src=\"assets.utility2.rollup.js\"></script>\\n\\","<script src=\"jsonp.utility2._stateInit?callback=window.utility2._stateInit\"></script>\\n\\","<script src=\"assets.npmtest_isparta.rollup.js\"></script>\\n\\","<script src=\"assets.example.js\"></script>\\n\\","<script src=\"assets.test.js\"></script>\\n\\","<!-- utility2-comment\\n\\","{{/if isRollup}}\\n\\","utility2-comment -->\\n\\","<div class=\"utility2FooterDiv\">\\n\\","    [ this app was created with\\n\\","    <a href=\"https://github.com/kaizhu256/node-utility2\" target=\"_blank\">utility2</a>\\n\\","    ]\\n\\","</div>\\n\\","</body>\\n\\","</html>\\n\\","';","        /* jslint-ignore-end */","        if (local.templateRender) {","            local.assetsDict['/'] = local.templateRender(","                local.assetsDict['/assets.index.template.html'],","                {","                    env: local.objectSetDefault(local.env, {","                        npm_package_description: 'the greatest app in the world!',","                        npm_package_name: 'my-app',","                        npm_package_nameAlias: 'my_app',","                        npm_package_version: '0.0.1'","                    })","                }","            );","        } else {","            local.assetsDict['/'] = local.assetsDict['/assets.index.template.html']","                .replace((/\\{\\{env\\.(\\w+?)\\}\\}/g), function (match0, match1) {","                    // jslint-hack","                    String(match0);","                    switch (match1) {","                    case 'npm_package_description':","                        return 'the greatest app in the world!';","                    case 'npm_package_name':","                        return 'my-app';","                    case 'npm_package_nameAlias':","                        return 'my_app';","                    case 'npm_package_version':","                        return '0.0.1';","                    }","                });","        }","        // run the cli","        if (local.global.utility2_rollup || module !== require.main) {","            break;","        }","        local.assetsDict['/assets.example.js'] =","            local.assetsDict['/assets.example.js'] ||","            local.fs.readFileSync(__filename, 'utf8');","        // bug-workaround - long $npm_package_buildCustomOrg","        /* jslint-ignore-begin */","        local.assetsDict['/assets.npmtest_isparta.rollup.js'] =","            local.assetsDict['/assets.npmtest_isparta.rollup.js'] ||","            local.fs.readFileSync(","                local.npmtest_isparta.__dirname + '/lib.npmtest_isparta.js',","                'utf8'","            ).replace((/^#!/), '//');","        /* jslint-ignore-end */","        local.assetsDict['/favicon.ico'] = local.assetsDict['/favicon.ico'] || '';","        // if $npm_config_timeout_exit exists,","        // then exit this process after $npm_config_timeout_exit ms","        if (Number(process.env.npm_config_timeout_exit)) {","            setTimeout(process.exit, Number(process.env.npm_config_timeout_exit));","        }","        // start server","        if (local.global.utility2_serverHttp1) {","            break;","        }","        process.env.PORT = process.env.PORT || '8081';","        console.error('server starting on port ' + process.env.PORT);","        local.http.createServer(function (request, response) {","            request.urlParsed = local.url.parse(request.url);","            if (local.assetsDict[request.urlParsed.pathname] !== undefined) {","                response.end(local.assetsDict[request.urlParsed.pathname]);","                return;","            }","            response.statusCode = 404;","            response.end();","        }).listen(process.env.PORT);","        break;","    }","}());",""],"l":{"26":2,"28":2,"33":2,"35":2,"37":2,"38":2,"39":2,"44":1,"51":2,"55":2,"59":2,"61":2,"69":1,"70":2,"76":2,"79":2,"82":2,"83":2,"85":1,"89":2,"92":1,"93":1,"94":1,"96":1,"97":1,"100":1,"101":1,"103":1,"106":1,"108":2,"114":1,"116":1,"118":1,"123":1,"124":2,"125":2,"126":3,"127":3,"128":3,"129":3,"130":1,"133":3,"134":3,"139":3,"143":1,"144":3,"145":1,"149":1,"150":1,"158":1,"160":1,"161":1,"162":1,"164":1,"166":1,"258":1,"259":1,"271":1,"274":6,"275":6,"277":1,"279":2,"281":1,"283":2,"288":1,"289":1,"291":1,"296":1,"303":1,"306":1,"307":1,"310":1,"311":1,"313":1,"314":1,"315":1,"316":1,"317":1,"318":1,"319":1,"321":1,"322":1,"324":1}},"/home/travis/build/npmtest/node-npmtest-isparta/node_modules/isparta/lib/isparta.js":{"path":"/home/travis/build/npmtest/node-npmtest-isparta/node_modules/isparta/lib/isparta.js","s":{"1":1,"2":1,"3":1,"4":6,"5":1,"6":4,"7":1,"8":4,"9":1,"10":4,"11":1,"12":4,"13":1,"14":4,"15":1,"16":4,"17":1,"18":4,"19":1,"20":4,"21":1,"22":4,"23":1,"24":4,"25":1,"26":4,"27":1,"28":4,"29":1,"30":4,"31":1,"32":1,"33":4,"34":1,"35":1,"36":4},"b":{},"f":{"1":6,"2":4,"3":4,"4":4,"5":4,"6":4,"7":4,"8":4,"9":4,"10":4,"11":4,"12":4,"13":4,"14":4,"15":4,"16":4},"fnMap":{"1":{"name":"get","line":11,"loc":{"start":{"line":11,"column":7},"end":{"line":11,"column":22}}},"2":{"name":"get","line":17,"loc":{"start":{"line":17,"column":7},"end":{"line":17,"column":22}}},"3":{"name":"get","line":23,"loc":{"start":{"line":23,"column":7},"end":{"line":23,"column":22}}},"4":{"name":"get","line":29,"loc":{"start":{"line":29,"column":7},"end":{"line":29,"column":22}}},"5":{"name":"get","line":35,"loc":{"start":{"line":35,"column":7},"end":{"line":35,"column":22}}},"6":{"name":"get","line":41,"loc":{"start":{"line":41,"column":7},"end":{"line":41,"column":22}}},"7":{"name":"get","line":47,"loc":{"start":{"line":47,"column":7},"end":{"line":47,"column":22}}},"8":{"name":"get","line":53,"loc":{"start":{"line":53,"column":7},"end":{"line":53,"column":22}}},"9":{"name":"get","line":59,"loc":{"start":{"line":59,"column":7},"end":{"line":59,"column":22}}},"10":{"name":"get","line":65,"loc":{"start":{"line":65,"column":7},"end":{"line":65,"column":22}}},"11":{"name":"get","line":71,"loc":{"start":{"line":71,"column":7},"end":{"line":71,"column":22}}},"12":{"name":"get","line":77,"loc":{"start":{"line":77,"column":7},"end":{"line":77,"column":22}}},"13":{"name":"get","line":83,"loc":{"start":{"line":83,"column":7},"end":{"line":83,"column":22}}},"14":{"name":"get","line":89,"loc":{"start":{"line":89,"column":7},"end":{"line":89,"column":22}}},"15":{"name":"get","line":98,"loc":{"start":{"line":98,"column":7},"end":{"line":98,"column":22}}},"16":{"name":"get","line":107,"loc":{"start":{"line":107,"column":7},"end":{"line":107,"column":22}}}},"statementMap":{"1":{"start":{"line":3,"column":0},"end":{"line":5,"column":3}},"2":{"start":{"line":7,"column":0},"end":{"line":7,"column":36}},"3":{"start":{"line":9,"column":0},"end":{"line":14,"column":3}},"4":{"start":{"line":12,"column":4},"end":{"line":12,"column":27}},"5":{"start":{"line":15,"column":0},"end":{"line":20,"column":3}},"6":{"start":{"line":18,"column":4},"end":{"line":18,"column":31}},"7":{"start":{"line":21,"column":0},"end":{"line":26,"column":3}},"8":{"start":{"line":24,"column":4},"end":{"line":24,"column":26}},"9":{"start":{"line":27,"column":0},"end":{"line":32,"column":3}},"10":{"start":{"line":30,"column":4},"end":{"line":30,"column":28}},"11":{"start":{"line":33,"column":0},"end":{"line":38,"column":3}},"12":{"start":{"line":36,"column":4},"end":{"line":36,"column":28}},"13":{"start":{"line":39,"column":0},"end":{"line":44,"column":3}},"14":{"start":{"line":42,"column":4},"end":{"line":42,"column":30}},"15":{"start":{"line":45,"column":0},"end":{"line":50,"column":3}},"16":{"start":{"line":48,"column":4},"end":{"line":48,"column":27}},"17":{"start":{"line":51,"column":0},"end":{"line":56,"column":3}},"18":{"start":{"line":54,"column":4},"end":{"line":54,"column":32}},"19":{"start":{"line":57,"column":0},"end":{"line":62,"column":3}},"20":{"start":{"line":60,"column":4},"end":{"line":60,"column":28}},"21":{"start":{"line":63,"column":0},"end":{"line":68,"column":3}},"22":{"start":{"line":66,"column":4},"end":{"line":66,"column":35}},"23":{"start":{"line":69,"column":0},"end":{"line":74,"column":3}},"24":{"start":{"line":72,"column":4},"end":{"line":72,"column":32}},"25":{"start":{"line":75,"column":0},"end":{"line":80,"column":3}},"26":{"start":{"line":78,"column":4},"end":{"line":78,"column":34}},"27":{"start":{"line":81,"column":0},"end":{"line":86,"column":3}},"28":{"start":{"line":84,"column":4},"end":{"line":84,"column":36}},"29":{"start":{"line":87,"column":0},"end":{"line":92,"column":3}},"30":{"start":{"line":90,"column":4},"end":{"line":90,"column":31}},"31":{"start":{"line":94,"column":0},"end":{"line":94,"column":46}},"32":{"start":{"line":96,"column":0},"end":{"line":101,"column":3}},"33":{"start":{"line":99,"column":4},"end":{"line":99,"column":38}},"34":{"start":{"line":103,"column":0},"end":{"line":103,"column":42}},"35":{"start":{"line":105,"column":0},"end":{"line":110,"column":3}},"36":{"start":{"line":108,"column":4},"end":{"line":108,"column":28}}},"branchMap":{},"code":["'use strict';","","Object.defineProperty(exports, \"__esModule\", {","  value: true","});","","var _istanbul = require('istanbul');","","Object.defineProperty(exports, 'Store', {","  enumerable: true,","  get: function get() {","    return _istanbul.Store;","  }","});","Object.defineProperty(exports, 'Collector', {","  enumerable: true,","  get: function get() {","    return _istanbul.Collector;","  }","});","Object.defineProperty(exports, 'hook', {","  enumerable: true,","  get: function get() {","    return _istanbul.hook;","  }","});","Object.defineProperty(exports, 'Report', {","  enumerable: true,","  get: function get() {","    return _istanbul.Report;","  }","});","Object.defineProperty(exports, 'config', {","  enumerable: true,","  get: function get() {","    return _istanbul.config;","  }","});","Object.defineProperty(exports, 'Reporter', {","  enumerable: true,","  get: function get() {","    return _istanbul.Reporter;","  }","});","Object.defineProperty(exports, 'utils', {","  enumerable: true,","  get: function get() {","    return _istanbul.utils;","  }","});","Object.defineProperty(exports, 'matcherFor', {","  enumerable: true,","  get: function get() {","    return _istanbul.matcherFor;","  }","});","Object.defineProperty(exports, 'Writer', {","  enumerable: true,","  get: function get() {","    return _istanbul.Writer;","  }","});","Object.defineProperty(exports, 'ContentWriter', {","  enumerable: true,","  get: function get() {","    return _istanbul.ContentWriter;","  }","});","Object.defineProperty(exports, 'FileWriter', {","  enumerable: true,","  get: function get() {","    return _istanbul.FileWriter;","  }","});","Object.defineProperty(exports, '_yuiLoadHook', {","  enumerable: true,","  get: function get() {","    return _istanbul._yuiLoadHook;","  }","});","Object.defineProperty(exports, 'TreeSummarizer', {","  enumerable: true,","  get: function get() {","    return _istanbul.TreeSummarizer;","  }","});","Object.defineProperty(exports, 'assetsDir', {","  enumerable: true,","  get: function get() {","    return _istanbul.assetsDir;","  }","});","","var _instrumenter = require('./instrumenter');","","Object.defineProperty(exports, 'Instrumenter', {","  enumerable: true,","  get: function get() {","    return _instrumenter.Instrumenter;","  }","});","","var _package = require('../package.json');","","Object.defineProperty(exports, 'VERSION', {","  enumerable: true,","  get: function get() {","    return _package.VERSION;","  }","});"],"l":{"3":1,"7":1,"9":1,"12":6,"15":1,"18":4,"21":1,"24":4,"27":1,"30":4,"33":1,"36":4,"39":1,"42":4,"45":1,"48":4,"51":1,"54":4,"57":1,"60":4,"63":1,"66":4,"69":1,"72":4,"75":1,"78":4,"81":1,"84":4,"87":1,"90":4,"94":1,"96":1,"99":4,"103":1,"105":1,"108":4}},"/home/travis/build/npmtest/node-npmtest-isparta/node_modules/isparta/lib/instrumenter.js":{"path":"/home/travis/build/npmtest/node-npmtest-isparta/node_modules/isparta/lib/instrumenter.js","s":{"1":1,"2":1,"3":0,"4":0,"5":0,"6":0,"7":0,"8":0,"9":0,"10":0,"11":0,"12":0,"13":0,"14":0,"15":0,"16":0,"17":0,"18":0,"19":0,"20":1,"21":0,"22":0,"23":0,"24":0,"25":0,"26":1,"27":0,"28":0,"29":0,"30":0,"31":0,"32":0,"33":1,"34":1,"35":1,"36":8,"37":8,"38":8,"39":8,"40":8,"41":8,"42":1,"43":1,"44":1,"45":1,"46":0,"47":1,"48":1,"49":0,"50":0,"51":0,"52":0,"53":0,"54":0,"55":0,"56":0,"57":0,"58":0,"59":0,"60":0,"61":0,"62":0,"63":1,"64":1,"65":1,"66":1,"67":1,"68":1,"69":1,"70":1,"71":1,"72":1,"73":1,"74":3,"75":1,"76":0,"77":0,"78":1,"79":0,"80":0,"81":0,"82":1,"83":1,"84":0,"85":1,"86":1,"87":1,"88":1,"89":1,"90":1,"91":1,"92":0,"93":0,"94":0,"95":0,"96":0,"97":0,"98":1,"99":0,"100":0,"101":0,"102":0,"103":0,"104":0,"105":0,"106":0,"107":0,"108":0,"109":0,"110":0,"111":0,"112":0,"113":0,"114":0,"115":0,"116":0,"117":0,"118":0,"119":0,"120":0,"121":0,"122":0,"123":0,"124":0,"125":0,"126":0,"127":0,"128":0,"129":0,"130":0,"131":0,"132":0,"133":0,"134":0,"135":0,"136":0,"137":0,"138":0,"139":0,"140":0,"141":0,"142":0,"143":0,"144":0,"145":0,"146":0,"147":0,"148":0,"149":0,"150":0,"151":0,"152":0,"153":0,"154":0,"155":0,"156":0,"157":0,"158":0,"159":0,"160":0,"161":0,"162":0,"163":0,"164":0,"165":0,"166":0,"167":0,"168":1},"b":{"1":[0,0],"2":[0,0],"3":[0,0],"4":[0,0],"5":[0,0],"6":[0,0],"7":[0,0],"8":[1,0],"9":[0,0],"10":[8,8],"11":[8,0],"12":[1,0],"13":[0,1],"14":[0,0],"15":[0,0],"16":[0,0],"17":[0,0],"18":[0,0],"19":[0,3],"20":[3,3],"21":[0,0],"22":[0,0],"23":[0,0],"24":[0,0,0],"25":[0,1],"26":[1,0],"27":[1,1],"28":[1,0],"29":[1,0],"30":[0,0],"31":[0,0],"32":[0,0,0],"33":[0,0],"34":[0,0],"35":[0,0],"36":[0,0],"37":[0,0],"38":[0,0],"39":[0,0],"40":[0,0],"41":[0,0]},"f":{"1":1,"2":0,"3":0,"4":0,"5":1,"6":1,"7":1,"8":0,"9":3,"10":0,"11":0,"12":1,"13":1,"14":0,"15":0,"16":0,"17":0,"18":0,"19":0,"20":0,"21":0,"22":0,"23":0,"24":0,"25":0,"26":0,"27":0,"28":0,"29":0,"30":0,"31":0,"32":0,"33":0,"34":0},"fnMap":{"1":{"name":"(anonymous_1)","line":3,"loc":{"start":{"line":3,"column":22},"end":{"line":3,"column":34}}},"2":{"name":"sliceIterator","line":3,"loc":{"start":{"line":3,"column":36},"end":{"line":3,"column":67}}},"3":{"name":"(anonymous_3)","line":3,"loc":{"start":{"line":3,"column":437},"end":{"line":3,"column":455}}},"4":{"name":"(anonymous_4)","line":5,"loc":{"start":{"line":5,"column":32},"end":{"line":5,"column":50}}},"5":{"name":"(anonymous_5)","line":7,"loc":{"start":{"line":7,"column":20},"end":{"line":7,"column":32}}},"6":{"name":"defineProperties","line":7,"loc":{"start":{"line":7,"column":34},"end":{"line":7,"column":75}}},"7":{"name":"(anonymous_7)","line":7,"loc":{"start":{"line":7,"column":358},"end":{"line":7,"column":406}}},"8":{"name":"get","line":9,"loc":{"start":{"line":9,"column":11},"end":{"line":9,"column":52}}},"9":{"name":"_interopRequireDefault","line":32,"loc":{"start":{"line":32,"column":0},"end":{"line":32,"column":37}}},"10":{"name":"_classCallCheck","line":34,"loc":{"start":{"line":34,"column":0},"end":{"line":34,"column":48}}},"11":{"name":"_possibleConstructorReturn","line":36,"loc":{"start":{"line":36,"column":0},"end":{"line":36,"column":48}}},"12":{"name":"_inherits","line":38,"loc":{"start":{"line":38,"column":0},"end":{"line":38,"column":41}}},"13":{"name":"(anonymous_13)","line":42,"loc":{"start":{"line":42,"column":43},"end":{"line":42,"column":76}}},"14":{"name":"Instrumenter","line":45,"loc":{"start":{"line":45,"column":2},"end":{"line":45,"column":26}}},"15":{"name":"instrumentSync","line":62,"loc":{"start":{"line":62,"column":11},"end":{"line":62,"column":51}}},"16":{"name":"getPreamble","line":83,"loc":{"start":{"line":83,"column":11},"end":{"line":83,"column":59}}},"17":{"name":"(anonymous_17)","line":86,"loc":{"start":{"line":86,"column":74},"end":{"line":86,"column":90}}},"18":{"name":"_statementMapTransformer","line":106,"loc":{"start":{"line":106,"column":11},"end":{"line":106,"column":54}}},"19":{"name":"(anonymous_19)","line":109,"loc":{"start":{"line":109,"column":38},"end":{"line":109,"column":55}}},"20":{"name":"(anonymous_20)","line":111,"loc":{"start":{"line":111,"column":13},"end":{"line":111,"column":38}}},"21":{"name":"_fnMapTransformer","line":123,"loc":{"start":{"line":123,"column":11},"end":{"line":123,"column":47}}},"22":{"name":"(anonymous_22)","line":126,"loc":{"start":{"line":126,"column":38},"end":{"line":126,"column":55}}},"23":{"name":"(anonymous_23)","line":128,"loc":{"start":{"line":128,"column":13},"end":{"line":128,"column":31}}},"24":{"name":"_branchMapTransformer","line":149,"loc":{"start":{"line":149,"column":11},"end":{"line":149,"column":51}}},"25":{"name":"(anonymous_25)","line":152,"loc":{"start":{"line":152,"column":38},"end":{"line":152,"column":55}}},"26":{"name":"(anonymous_26)","line":154,"loc":{"start":{"line":154,"column":13},"end":{"line":154,"column":35}}},"27":{"name":"_getMetricOriginalLocations","line":165,"loc":{"start":{"line":165,"column":11},"end":{"line":165,"column":50}}},"28":{"name":"(anonymous_28)","line":172,"loc":{"start":{"line":172,"column":33},"end":{"line":172,"column":63}}},"29":{"name":"(anonymous_29)","line":174,"loc":{"start":{"line":174,"column":13},"end":{"line":174,"column":30}}},"30":{"name":"(anonymous_30)","line":183,"loc":{"start":{"line":183,"column":39},"end":{"line":183,"column":52}}},"31":{"name":"_getOriginalPositionsFor","line":197,"loc":{"start":{"line":197,"column":11},"end":{"line":197,"column":47}}},"32":{"name":"(anonymous_32)","line":202,"loc":{"start":{"line":202,"column":27},"end":{"line":202,"column":47}}},"33":{"name":"(anonymous_33)","line":204,"loc":{"start":{"line":204,"column":16},"end":{"line":204,"column":52}}},"34":{"name":"_arrayToArrayLikeObject","line":220,"loc":{"start":{"line":220,"column":11},"end":{"line":220,"column":74}}}},"statementMap":{"1":{"start":{"line":3,"column":0},"end":{"line":3,"column":666}},"2":{"start":{"line":3,"column":36},"end":{"line":3,"column":429}},"3":{"start":{"line":3,"column":69},"end":{"line":3,"column":83}},"4":{"start":{"line":3,"column":84},"end":{"line":3,"column":98}},"5":{"start":{"line":3,"column":99},"end":{"line":3,"column":114}},"6":{"start":{"line":3,"column":115},"end":{"line":3,"column":134}},"7":{"start":{"line":3,"column":135},"end":{"line":3,"column":414}},"8":{"start":{"line":3,"column":141},"end":{"line":3,"column":284}},"9":{"start":{"line":3,"column":227},"end":{"line":3,"column":247}},"10":{"start":{"line":3,"column":248},"end":{"line":3,"column":282}},"11":{"start":{"line":3,"column":276},"end":{"line":3,"column":282}},"12":{"start":{"line":3,"column":301},"end":{"line":3,"column":311}},"13":{"start":{"line":3,"column":312},"end":{"line":3,"column":321}},"14":{"start":{"line":3,"column":334},"end":{"line":3,"column":412}},"15":{"start":{"line":3,"column":340},"end":{"line":3,"column":380}},"16":{"start":{"line":3,"column":365},"end":{"line":3,"column":380}},"17":{"start":{"line":3,"column":393},"end":{"line":3,"column":410}},"18":{"start":{"line":3,"column":401},"end":{"line":3,"column":410}},"19":{"start":{"line":3,"column":415},"end":{"line":3,"column":427}},"20":{"start":{"line":3,"column":430},"end":{"line":3,"column":660}},"21":{"start":{"line":3,"column":457},"end":{"line":3,"column":657}},"22":{"start":{"line":3,"column":483},"end":{"line":3,"column":494}},"23":{"start":{"line":3,"column":502},"end":{"line":3,"column":657}},"24":{"start":{"line":3,"column":540},"end":{"line":3,"column":569}},"25":{"start":{"line":3,"column":579},"end":{"line":3,"column":655}},"26":{"start":{"line":5,"column":0},"end":{"line":5,"column":257}},"27":{"start":{"line":5,"column":52},"end":{"line":5,"column":239}},"28":{"start":{"line":5,"column":97},"end":{"line":5,"column":123}},"29":{"start":{"line":5,"column":124},"end":{"line":5,"column":237}},"30":{"start":{"line":5,"column":150},"end":{"line":5,"column":235}},"31":{"start":{"line":5,"column":207},"end":{"line":5,"column":233}},"32":{"start":{"line":5,"column":240},"end":{"line":5,"column":254}},"33":{"start":{"line":7,"column":0},"end":{"line":7,"column":566}},"34":{"start":{"line":7,"column":34},"end":{"line":7,"column":350}},"35":{"start":{"line":7,"column":77},"end":{"line":7,"column":348}},"36":{"start":{"line":7,"column":118},"end":{"line":7,"column":144}},"37":{"start":{"line":7,"column":145},"end":{"line":7,"column":200}},"38":{"start":{"line":7,"column":201},"end":{"line":7,"column":232}},"39":{"start":{"line":7,"column":233},"end":{"line":7,"column":287}},"40":{"start":{"line":7,"column":260},"end":{"line":7,"column":287}},"41":{"start":{"line":7,"column":288},"end":{"line":7,"column":346}},"42":{"start":{"line":7,"column":351},"end":{"line":7,"column":560}},"43":{"start":{"line":7,"column":408},"end":{"line":7,"column":476}},"44":{"start":{"line":7,"column":424},"end":{"line":7,"column":476}},"45":{"start":{"line":7,"column":477},"end":{"line":7,"column":537}},"46":{"start":{"line":7,"column":494},"end":{"line":7,"column":537}},"47":{"start":{"line":7,"column":538},"end":{"line":7,"column":557}},"48":{"start":{"line":9,"column":0},"end":{"line":9,"column":491}},"49":{"start":{"line":9,"column":54},"end":{"line":9,"column":103}},"50":{"start":{"line":9,"column":75},"end":{"line":9,"column":103}},"51":{"start":{"line":9,"column":104},"end":{"line":9,"column":165}},"52":{"start":{"line":9,"column":166},"end":{"line":9,"column":488}},"53":{"start":{"line":9,"column":192},"end":{"line":9,"column":235}},"54":{"start":{"line":9,"column":236},"end":{"line":9,"column":327}},"55":{"start":{"line":9,"column":259},"end":{"line":9,"column":276}},"56":{"start":{"line":9,"column":286},"end":{"line":9,"column":325}},"57":{"start":{"line":9,"column":335},"end":{"line":9,"column":488}},"58":{"start":{"line":9,"column":358},"end":{"line":9,"column":376}},"59":{"start":{"line":9,"column":386},"end":{"line":9,"column":408}},"60":{"start":{"line":9,"column":409},"end":{"line":9,"column":456}},"61":{"start":{"line":9,"column":437},"end":{"line":9,"column":454}},"62":{"start":{"line":9,"column":457},"end":{"line":9,"column":486}},"63":{"start":{"line":11,"column":0},"end":{"line":13,"column":3}},"64":{"start":{"line":14,"column":0},"end":{"line":14,"column":33}},"65":{"start":{"line":16,"column":0},"end":{"line":16,"column":36}},"66":{"start":{"line":18,"column":0},"end":{"line":18,"column":51}},"67":{"start":{"line":20,"column":0},"end":{"line":20,"column":39}},"68":{"start":{"line":22,"column":0},"end":{"line":22,"column":34}},"69":{"start":{"line":24,"column":0},"end":{"line":24,"column":49}},"70":{"start":{"line":26,"column":0},"end":{"line":26,"column":38}},"71":{"start":{"line":28,"column":0},"end":{"line":28,"column":53}},"72":{"start":{"line":30,"column":0},"end":{"line":30,"column":39}},"73":{"start":{"line":32,"column":0},"end":{"line":32,"column":95}},"74":{"start":{"line":32,"column":39},"end":{"line":32,"column":93}},"75":{"start":{"line":34,"column":0},"end":{"line":34,"column":153}},"76":{"start":{"line":34,"column":50},"end":{"line":34,"column":151}},"77":{"start":{"line":34,"column":92},"end":{"line":34,"column":149}},"78":{"start":{"line":36,"column":0},"end":{"line":36,"column":240}},"79":{"start":{"line":36,"column":50},"end":{"line":36,"column":151}},"80":{"start":{"line":36,"column":63},"end":{"line":36,"column":149}},"81":{"start":{"line":36,"column":152},"end":{"line":36,"column":238}},"82":{"start":{"line":38,"column":0},"end":{"line":38,"column":494}},"83":{"start":{"line":38,"column":43},"end":{"line":38,"column":208}},"84":{"start":{"line":38,"column":106},"end":{"line":38,"column":206}},"85":{"start":{"line":38,"column":209},"end":{"line":38,"column":373}},"86":{"start":{"line":38,"column":374},"end":{"line":38,"column":492}},"87":{"start":{"line":38,"column":390},"end":{"line":38,"column":492}},"88":{"start":{"line":40,"column":0},"end":{"line":40,"column":33}},"89":{"start":{"line":42,"column":0},"end":{"line":227,"column":36}},"90":{"start":{"line":43,"column":2},"end":{"line":43,"column":49}},"91":{"start":{"line":45,"column":2},"end":{"line":58,"column":3}},"92":{"start":{"line":46,"column":4},"end":{"line":46,"column":90}},"93":{"start":{"line":48,"column":4},"end":{"line":48,"column":40}},"94":{"start":{"line":50,"column":4},"end":{"line":50,"column":97}},"95":{"start":{"line":52,"column":4},"end":{"line":52,"column":57}},"96":{"start":{"line":54,"column":4},"end":{"line":56,"column":39}},"97":{"start":{"line":57,"column":4},"end":{"line":57,"column":17}},"98":{"start":{"line":60,"column":2},"end":{"line":224,"column":6}},"99":{"start":{"line":64,"column":6},"end":{"line":64,"column":118}},"100":{"start":{"line":65,"column":6},"end":{"line":65,"column":68}},"101":{"start":{"line":68,"column":6},"end":{"line":73,"column":9}},"102":{"start":{"line":75,"column":6},"end":{"line":77,"column":7}},"103":{"start":{"line":76,"column":8},"end":{"line":76,"column":96}},"104":{"start":{"line":79,"column":6},"end":{"line":79,"column":61}},"105":{"start":{"line":84,"column":6},"end":{"line":84,"column":24}},"106":{"start":{"line":86,"column":6},"end":{"line":97,"column":9}},"107":{"start":{"line":87,"column":8},"end":{"line":87,"column":44}},"108":{"start":{"line":89,"column":8},"end":{"line":89,"column":34}},"109":{"start":{"line":90,"column":8},"end":{"line":90,"column":37}},"110":{"start":{"line":91,"column":8},"end":{"line":91,"column":52}},"111":{"start":{"line":92,"column":8},"end":{"line":92,"column":57}},"112":{"start":{"line":94,"column":8},"end":{"line":94,"column":67}},"113":{"start":{"line":95,"column":8},"end":{"line":95,"column":80}},"114":{"start":{"line":96,"column":8},"end":{"line":96,"column":64}},"115":{"start":{"line":99,"column":6},"end":{"line":99,"column":124}},"116":{"start":{"line":107,"column":6},"end":{"line":107,"column":24}},"117":{"start":{"line":109,"column":6},"end":{"line":119,"column":50}},"118":{"start":{"line":110,"column":8},"end":{"line":110,"column":30}},"119":{"start":{"line":112,"column":8},"end":{"line":112,"column":88}},"120":{"start":{"line":114,"column":8},"end":{"line":114,"column":78}},"121":{"start":{"line":116,"column":8},"end":{"line":116,"column":49}},"122":{"start":{"line":118,"column":8},"end":{"line":118,"column":24}},"123":{"start":{"line":124,"column":6},"end":{"line":124,"column":24}},"124":{"start":{"line":126,"column":6},"end":{"line":145,"column":50}},"125":{"start":{"line":127,"column":8},"end":{"line":127,"column":30}},"126":{"start":{"line":129,"column":8},"end":{"line":129,"column":86}},"127":{"start":{"line":131,"column":8},"end":{"line":131,"column":79}},"128":{"start":{"line":133,"column":8},"end":{"line":133,"column":44}},"129":{"start":{"line":137,"column":8},"end":{"line":142,"column":9}},"130":{"start":{"line":138,"column":10},"end":{"line":138,"column":29}},"131":{"start":{"line":139,"column":10},"end":{"line":141,"column":11}},"132":{"start":{"line":140,"column":12},"end":{"line":140,"column":35}},"133":{"start":{"line":144,"column":8},"end":{"line":144,"column":50}},"134":{"start":{"line":150,"column":6},"end":{"line":150,"column":24}},"135":{"start":{"line":152,"column":6},"end":{"line":158,"column":50}},"136":{"start":{"line":153,"column":8},"end":{"line":153,"column":30}},"137":{"start":{"line":155,"column":8},"end":{"line":157,"column":11}},"138":{"start":{"line":166,"column":6},"end":{"line":166,"column":24}},"139":{"start":{"line":168,"column":6},"end":{"line":168,"column":100}},"140":{"start":{"line":170,"column":6},"end":{"line":170,"column":37}},"141":{"start":{"line":172,"column":6},"end":{"line":193,"column":9}},"142":{"start":{"line":173,"column":8},"end":{"line":173,"column":89}},"143":{"start":{"line":175,"column":8},"end":{"line":175,"column":45}},"144":{"start":{"line":177,"column":8},"end":{"line":177,"column":30}},"145":{"start":{"line":178,"column":8},"end":{"line":178,"column":33}},"146":{"start":{"line":179,"column":8},"end":{"line":179,"column":29}},"147":{"start":{"line":180,"column":8},"end":{"line":180,"column":41}},"148":{"start":{"line":182,"column":8},"end":{"line":182,"column":74}},"149":{"start":{"line":183,"column":8},"end":{"line":185,"column":11}},"150":{"start":{"line":184,"column":10},"end":{"line":184,"column":28}},"151":{"start":{"line":188,"column":8},"end":{"line":190,"column":9}},"152":{"start":{"line":189,"column":10},"end":{"line":189,"column":40}},"153":{"start":{"line":192,"column":8},"end":{"line":192,"column":120}},"154":{"start":{"line":198,"column":6},"end":{"line":198,"column":24}},"155":{"start":{"line":200,"column":6},"end":{"line":200,"column":123}},"156":{"start":{"line":202,"column":6},"end":{"line":216,"column":13}},"157":{"start":{"line":203,"column":8},"end":{"line":203,"column":56}},"158":{"start":{"line":205,"column":8},"end":{"line":205,"column":45}},"159":{"start":{"line":207,"column":8},"end":{"line":207,"column":41}},"160":{"start":{"line":208,"column":8},"end":{"line":208,"column":32}},"161":{"start":{"line":210,"column":8},"end":{"line":210,"column":87}},"162":{"start":{"line":212,"column":8},"end":{"line":212,"column":37}},"163":{"start":{"line":213,"column":8},"end":{"line":213,"column":39}},"164":{"start":{"line":214,"column":8},"end":{"line":214,"column":55}},"165":{"start":{"line":215,"column":8},"end":{"line":215,"column":33}},"166":{"start":{"line":221,"column":6},"end":{"line":221,"column":40}},"167":{"start":{"line":222,"column":6},"end":{"line":222,"column":29}},"168":{"start":{"line":226,"column":2},"end":{"line":226,"column":22}}},"branchMap":{"1":{"line":3,"type":"if","locations":[{"start":{"line":3,"column":248},"end":{"line":3,"column":248}},{"start":{"line":3,"column":248},"end":{"line":3,"column":248}}]},"2":{"line":3,"type":"binary-expr","locations":[{"start":{"line":3,"column":252},"end":{"line":3,"column":253}},{"start":{"line":3,"column":257},"end":{"line":3,"column":274}}]},"3":{"line":3,"type":"if","locations":[{"start":{"line":3,"column":340},"end":{"line":3,"column":340}},{"start":{"line":3,"column":340},"end":{"line":3,"column":340}}]},"4":{"line":3,"type":"binary-expr","locations":[{"start":{"line":3,"column":344},"end":{"line":3,"column":347}},{"start":{"line":3,"column":351},"end":{"line":3,"column":363}}]},"5":{"line":3,"type":"if","locations":[{"start":{"line":3,"column":393},"end":{"line":3,"column":393}},{"start":{"line":3,"column":393},"end":{"line":3,"column":393}}]},"6":{"line":3,"type":"if","locations":[{"start":{"line":3,"column":457},"end":{"line":3,"column":457}},{"start":{"line":3,"column":457},"end":{"line":3,"column":457}}]},"7":{"line":3,"type":"if","locations":[{"start":{"line":3,"column":502},"end":{"line":3,"column":502}},{"start":{"line":3,"column":502},"end":{"line":3,"column":502}}]},"8":{"line":5,"type":"binary-expr","locations":[{"start":{"line":5,"column":15},"end":{"line":5,"column":28}},{"start":{"line":5,"column":32},"end":{"line":5,"column":256}}]},"9":{"line":5,"type":"if","locations":[{"start":{"line":5,"column":150},"end":{"line":5,"column":150}},{"start":{"line":5,"column":150},"end":{"line":5,"column":150}}]},"10":{"line":7,"type":"binary-expr","locations":[{"start":{"line":7,"column":169},"end":{"line":7,"column":190}},{"start":{"line":7,"column":194},"end":{"line":7,"column":199}}]},"11":{"line":7,"type":"if","locations":[{"start":{"line":7,"column":233},"end":{"line":7,"column":233}},{"start":{"line":7,"column":233},"end":{"line":7,"column":233}}]},"12":{"line":7,"type":"if","locations":[{"start":{"line":7,"column":408},"end":{"line":7,"column":408}},{"start":{"line":7,"column":408},"end":{"line":7,"column":408}}]},"13":{"line":7,"type":"if","locations":[{"start":{"line":7,"column":477},"end":{"line":7,"column":477}},{"start":{"line":7,"column":477},"end":{"line":7,"column":477}}]},"14":{"line":9,"type":"if","locations":[{"start":{"line":9,"column":54},"end":{"line":9,"column":54}},{"start":{"line":9,"column":54},"end":{"line":9,"column":54}}]},"15":{"line":9,"type":"if","locations":[{"start":{"line":9,"column":166},"end":{"line":9,"column":166}},{"start":{"line":9,"column":166},"end":{"line":9,"column":166}}]},"16":{"line":9,"type":"if","locations":[{"start":{"line":9,"column":236},"end":{"line":9,"column":236}},{"start":{"line":9,"column":236},"end":{"line":9,"column":236}}]},"17":{"line":9,"type":"if","locations":[{"start":{"line":9,"column":335},"end":{"line":9,"column":335}},{"start":{"line":9,"column":335},"end":{"line":9,"column":335}}]},"18":{"line":9,"type":"if","locations":[{"start":{"line":9,"column":409},"end":{"line":9,"column":409}},{"start":{"line":9,"column":409},"end":{"line":9,"column":409}}]},"19":{"line":32,"type":"cond-expr","locations":[{"start":{"line":32,"column":70},"end":{"line":32,"column":73}},{"start":{"line":32,"column":76},"end":{"line":32,"column":92}}]},"20":{"line":32,"type":"binary-expr","locations":[{"start":{"line":32,"column":46},"end":{"line":32,"column":49}},{"start":{"line":32,"column":53},"end":{"line":32,"column":67}}]},"21":{"line":34,"type":"if","locations":[{"start":{"line":34,"column":50},"end":{"line":34,"column":50}},{"start":{"line":34,"column":50},"end":{"line":34,"column":50}}]},"22":{"line":36,"type":"if","locations":[{"start":{"line":36,"column":50},"end":{"line":36,"column":50}},{"start":{"line":36,"column":50},"end":{"line":36,"column":50}}]},"23":{"line":36,"type":"cond-expr","locations":[{"start":{"line":36,"column":226},"end":{"line":36,"column":230}},{"start":{"line":36,"column":233},"end":{"line":36,"column":237}}]},"24":{"line":36,"type":"binary-expr","locations":[{"start":{"line":36,"column":159},"end":{"line":36,"column":163}},{"start":{"line":36,"column":168},"end":{"line":36,"column":192}},{"start":{"line":36,"column":196},"end":{"line":36,"column":222}}]},"25":{"line":38,"type":"if","locations":[{"start":{"line":38,"column":43},"end":{"line":38,"column":43}},{"start":{"line":38,"column":43},"end":{"line":38,"column":43}}]},"26":{"line":38,"type":"binary-expr","locations":[{"start":{"line":38,"column":47},"end":{"line":38,"column":79}},{"start":{"line":38,"column":83},"end":{"line":38,"column":102}}]},"27":{"line":38,"type":"binary-expr","locations":[{"start":{"line":38,"column":244},"end":{"line":38,"column":254}},{"start":{"line":38,"column":258},"end":{"line":38,"column":278}}]},"28":{"line":38,"type":"if","locations":[{"start":{"line":38,"column":374},"end":{"line":38,"column":374}},{"start":{"line":38,"column":374},"end":{"line":38,"column":374}}]},"29":{"line":38,"type":"cond-expr","locations":[{"start":{"line":38,"column":414},"end":{"line":38,"column":457}},{"start":{"line":38,"column":460},"end":{"line":38,"column":491}}]},"30":{"line":46,"type":"cond-expr","locations":[{"start":{"line":46,"column":72},"end":{"line":46,"column":74}},{"start":{"line":46,"column":77},"end":{"line":46,"column":89}}]},"31":{"line":46,"type":"binary-expr","locations":[{"start":{"line":46,"column":18},"end":{"line":46,"column":39}},{"start":{"line":46,"column":43},"end":{"line":46,"column":69}}]},"32":{"line":56,"type":"binary-expr","locations":[{"start":{"line":56,"column":7},"end":{"line":56,"column":14}},{"start":{"line":56,"column":18},"end":{"line":56,"column":31}},{"start":{"line":56,"column":35},"end":{"line":56,"column":37}}]},"33":{"line":75,"type":"if","locations":[{"start":{"line":75,"column":6},"end":{"line":75,"column":6}},{"start":{"line":75,"column":6},"end":{"line":75,"column":6}}]},"34":{"line":137,"type":"if","locations":[{"start":{"line":137,"column":8},"end":{"line":137,"column":8}},{"start":{"line":137,"column":8},"end":{"line":137,"column":8}}]},"35":{"line":139,"type":"if","locations":[{"start":{"line":139,"column":10},"end":{"line":139,"column":10}},{"start":{"line":139,"column":10},"end":{"line":139,"column":10}}]},"36":{"line":168,"type":"cond-expr","locations":[{"start":{"line":168,"column":82},"end":{"line":168,"column":84}},{"start":{"line":168,"column":87},"end":{"line":168,"column":99}}]},"37":{"line":168,"type":"binary-expr","locations":[{"start":{"line":168,"column":28},"end":{"line":168,"column":49}},{"start":{"line":168,"column":53},"end":{"line":168,"column":79}}]},"38":{"line":188,"type":"if","locations":[{"start":{"line":188,"column":8},"end":{"line":188,"column":8}},{"start":{"line":188,"column":8},"end":{"line":188,"column":8}}]},"39":{"line":192,"type":"cond-expr","locations":[{"start":{"line":192,"column":25},"end":{"line":192,"column":84}},{"start":{"line":192,"column":87},"end":{"line":192,"column":119}}]},"40":{"line":200,"type":"cond-expr","locations":[{"start":{"line":200,"column":85},"end":{"line":200,"column":107}},{"start":{"line":200,"column":110},"end":{"line":200,"column":122}}]},"41":{"line":200,"type":"binary-expr","locations":[{"start":{"line":200,"column":31},"end":{"line":200,"column":52}},{"start":{"line":200,"column":56},"end":{"line":200,"column":82}}]}},"code":["'use strict';","","var _slicedToArray = (function () { function sliceIterator(arr, i) { var _arr = []; var _n = true; var _d = false; var _e = undefined; try { for (var _i = arr[Symbol.iterator](), _s; !(_n = (_s = _i.next()).done); _n = true) { _arr.push(_s.value); if (i && _arr.length === i) break; } } catch (err) { _d = true; _e = err; } finally { try { if (!_n && _i[\"return\"]) _i[\"return\"](); } finally { if (_d) throw _e; } } return _arr; } return function (arr, i) { if (Array.isArray(arr)) { return arr; } else if (Symbol.iterator in Object(arr)) { return sliceIterator(arr, i); } else { throw new TypeError(\"Invalid attempt to destructure non-iterable instance\"); } }; })();","","var _extends = Object.assign || function (target) { for (var i = 1; i < arguments.length; i++) { var source = arguments[i]; for (var key in source) { if (Object.prototype.hasOwnProperty.call(source, key)) { target[key] = source[key]; } } } return target; };","","var _createClass = (function () { function defineProperties(target, props) { for (var i = 0; i < props.length; i++) { var descriptor = props[i]; descriptor.enumerable = descriptor.enumerable || false; descriptor.configurable = true; if (\"value\" in descriptor) descriptor.writable = true; Object.defineProperty(target, descriptor.key, descriptor); } } return function (Constructor, protoProps, staticProps) { if (protoProps) defineProperties(Constructor.prototype, protoProps); if (staticProps) defineProperties(Constructor, staticProps); return Constructor; }; })();","","var _get = function get(object, property, receiver) { if (object === null) object = Function.prototype; var desc = Object.getOwnPropertyDescriptor(object, property); if (desc === undefined) { var parent = Object.getPrototypeOf(object); if (parent === null) { return undefined; } else { return get(parent, property, receiver); } } else if (\"value\" in desc) { return desc.value; } else { var getter = desc.get; if (getter === undefined) { return undefined; } return getter.call(receiver); } };","","Object.defineProperty(exports, \"__esModule\", {","  value: true","});","exports.Instrumenter = undefined;","","var _istanbul = require('istanbul');","","var _istanbul2 = _interopRequireDefault(_istanbul);","","var _babelCore = require('babel-core');","","var _esprima = require('esprima');","","var _esprima2 = _interopRequireDefault(_esprima);","","var _escodegen = require('escodegen');","","var _escodegen2 = _interopRequireDefault(_escodegen);","","var _sourceMap = require('source-map');","","function _interopRequireDefault(obj) { return obj && obj.__esModule ? obj : { default: obj }; }","","function _classCallCheck(instance, Constructor) { if (!(instance instanceof Constructor)) { throw new TypeError(\"Cannot call a class as a function\"); } }","","function _possibleConstructorReturn(self, call) { if (!self) { throw new ReferenceError(\"this hasn't been initialised - super() hasn't been called\"); } return call && (typeof call === \"object\" || typeof call === \"function\") ? call : self; }","","function _inherits(subClass, superClass) { if (typeof superClass !== \"function\" && superClass !== null) { throw new TypeError(\"Super expression must either be null or a function, not \" + typeof superClass); } subClass.prototype = Object.create(superClass && superClass.prototype, { constructor: { value: subClass, enumerable: false, writable: true, configurable: true } }); if (superClass) Object.setPrototypeOf ? Object.setPrototypeOf(subClass, superClass) : subClass.__proto__ = superClass; } //","","var POSITIONS = ['start', 'end'];","","var Instrumenter = exports.Instrumenter = (function (_istanbul$Instrumente) {","  _inherits(Instrumenter, _istanbul$Instrumente);","","  function Instrumenter() {","    var options = arguments.length <= 0 || arguments[0] === undefined ? {} : arguments[0];","","    _classCallCheck(this, Instrumenter);","","    var _this = _possibleConstructorReturn(this, Object.getPrototypeOf(Instrumenter).call(this));","","    _istanbul2.default.Instrumenter.call(_this, options);","","    _this.babelOptions = _extends({","      sourceMap: true","    }, options && options.babel || {});","    return _this;","  }","","  _createClass(Instrumenter, [{","    key: 'instrumentSync',","    value: function instrumentSync(code, fileName) {","","      var result = this._r = (0, _babelCore.transform)(code, _extends({}, this.babelOptions, { filename: fileName }));","      this._babelMap = new _sourceMap.SourceMapConsumer(result.map);","","      // PARSE","      var program = _esprima2.default.parse(result.code, {","        loc: true,","        range: true,","        tokens: this.opts.preserveComments,","        comment: true","      });","","      if (this.opts.preserveComments) {","        program = _escodegen2.default.attachComments(program, program.comments, program.tokens);","      }","","      return this.instrumentASTSync(program, fileName, code);","    }","  }, {","    key: 'getPreamble',","    value: function getPreamble(sourceCode, emitUseStrict) {","      var _this2 = this;","","      [['s', 'statementMap'], ['f', 'fnMap'], ['b', 'branchMap']].forEach(function (_ref) {","        var _ref2 = _slicedToArray(_ref, 2);","","        var metricName = _ref2[0];","        var metricMapName = _ref2[1];","        var metrics = _this2.coverState[metricName];","        var metricMap = _this2.coverState[metricMapName];","","        var transformFctName = '_' + metricMapName + 'Transformer';","        var transformedMetricMap = _this2[transformFctName](metricMap, metrics);","        _this2.coverState[metricMapName] = transformedMetricMap;","      });","","      return _get(Object.getPrototypeOf(Instrumenter.prototype), 'getPreamble', this).call(this, sourceCode, emitUseStrict);","    }","","    ////","","  }, {","    key: '_statementMapTransformer',","    value: function _statementMapTransformer(metrics) {","      var _this3 = this;","","      return Object.keys(metrics).map(function (index) {","        return metrics[index];","      }).map(function (statementMeta) {","        var _getMetricOriginalLoc = _this3._getMetricOriginalLocations([statementMeta]);","","        var _getMetricOriginalLoc2 = _slicedToArray(_getMetricOriginalLoc, 1);","","        var location = _getMetricOriginalLoc2[0];","","        return location;","      }).reduce(this._arrayToArrayLikeObject, {});","    }","  }, {","    key: '_fnMapTransformer',","    value: function _fnMapTransformer(metrics) {","      var _this4 = this;","","      return Object.keys(metrics).map(function (index) {","        return metrics[index];","      }).map(function (fnMeta) {","        var _getMetricOriginalLoc3 = _this4._getMetricOriginalLocations([fnMeta.loc]);","","        var _getMetricOriginalLoc4 = _slicedToArray(_getMetricOriginalLoc3, 1);","","        var loc = _getMetricOriginalLoc4[0];","","        // Force remove the last skip key","","        if (fnMeta.skip === undefined) {","          delete fnMeta.skip;","          if (loc.skip !== undefined) {","            fnMeta.skip = loc.skip;","          }","        }","","        return _extends({}, fnMeta, { loc: loc });","      }).reduce(this._arrayToArrayLikeObject, {});","    }","  }, {","    key: '_branchMapTransformer',","    value: function _branchMapTransformer(metrics) {","      var _this5 = this;","","      return Object.keys(metrics).map(function (index) {","        return metrics[index];","      }).map(function (branchMeta) {","        return _extends({}, branchMeta, {","          locations: _this5._getMetricOriginalLocations(branchMeta.locations)","        });","      }).reduce(this._arrayToArrayLikeObject, {});","    }","","    ////","","  }, {","    key: '_getMetricOriginalLocations',","    value: function _getMetricOriginalLocations() {","      var _this6 = this;","","      var metricLocations = arguments.length <= 0 || arguments[0] === undefined ? [] : arguments[0];","","      var o = { line: 0, column: 0 };","","      return metricLocations.map(function (generatedPositions) {","        return [_this6._getOriginalPositionsFor(generatedPositions), generatedPositions];","      }).map(function (_ref3) {","        var _ref4 = _slicedToArray(_ref3, 2);","","        var _ref4$ = _ref4[0];","        var start = _ref4$.start;","        var end = _ref4$.end;","        var generatedPosition = _ref4[1];","","        var postitions = [start.line, start.column, end.line, end.column];","        var isValid = postitions.every(function (n) {","          return n !== null;","        });","","        // Matches behavior in _fnMapTransformer above.","        if (generatedPosition.skip === undefined) {","          delete generatedPosition.skip;","        }","","        return isValid ? _extends({}, generatedPosition, { start: start, end: end }) : { start: o, end: o, skip: true };","      });","    }","  }, {","    key: '_getOriginalPositionsFor',","    value: function _getOriginalPositionsFor() {","      var _this7 = this;","","      var generatedPositions = arguments.length <= 0 || arguments[0] === undefined ? { start: {}, end: {} } : arguments[0];","","      return POSITIONS.map(function (position) {","        return [generatedPositions[position], position];","      }).reduce(function (originalPositions, _ref5) {","        var _ref6 = _slicedToArray(_ref5, 2);","","        var generatedPosition = _ref6[0];","        var position = _ref6[1];","","        var originalPosition = _this7._babelMap.originalPositionFor(generatedPosition);","        // remove extra keys","        delete originalPosition.name;","        delete originalPosition.source;","        originalPositions[position] = originalPosition;","        return originalPositions;","      }, {});","    }","  }, {","    key: '_arrayToArrayLikeObject',","    value: function _arrayToArrayLikeObject(arrayLikeObject, item, index) {","      arrayLikeObject[index + 1] = item;","      return arrayLikeObject;","    }","  }]);","","  return Instrumenter;","})(_istanbul2.default.Instrumenter);"],"l":{"3":1,"5":1,"7":8,"9":1,"11":1,"14":1,"16":1,"18":1,"20":1,"22":1,"24":1,"26":1,"28":1,"30":1,"32":3,"34":1,"36":1,"38":1,"40":1,"42":1,"43":1,"45":1,"46":0,"48":0,"50":0,"52":0,"54":0,"57":0,"60":1,"64":0,"65":0,"68":0,"75":0,"76":0,"79":0,"84":0,"86":0,"87":0,"89":0,"90":0,"91":0,"92":0,"94":0,"95":0,"96":0,"99":0,"107":0,"109":0,"110":0,"112":0,"114":0,"116":0,"118":0,"124":0,"126":0,"127":0,"129":0,"131":0,"133":0,"137":0,"138":0,"139":0,"140":0,"144":0,"150":0,"152":0,"153":0,"155":0,"166":0,"168":0,"170":0,"172":0,"173":0,"175":0,"177":0,"178":0,"179":0,"180":0,"182":0,"183":0,"184":0,"188":0,"189":0,"192":0,"198":0,"200":0,"202":0,"203":0,"205":0,"207":0,"208":0,"210":0,"212":0,"213":0,"214":0,"215":0,"221":0,"222":0,"226":1}},"/home/travis/build/npmtest/node-npmtest-isparta/node_modules/isparta/lib/cli/ArgParser.js":{"path":"/home/travis/build/npmtest/node-npmtest-isparta/node_modules/isparta/lib/cli/ArgParser.js","s":{"1":1,"2":1,"3":1,"4":1,"5":1,"6":1,"7":1,"8":0,"9":0,"10":0},"b":{"1":[0,1],"2":[1,1]},"f":{"1":1,"2":0},"fnMap":{"1":{"name":"_interopRequireDefault","line":11,"loc":{"start":{"line":11,"column":0},"end":{"line":11,"column":37}}},"2":{"name":"ArgParser","line":21,"loc":{"start":{"line":21,"column":0},"end":{"line":21,"column":29}}}},"statementMap":{"1":{"start":{"line":3,"column":0},"end":{"line":5,"column":3}},"2":{"start":{"line":7,"column":0},"end":{"line":7,"column":44}},"3":{"start":{"line":9,"column":0},"end":{"line":9,"column":59}},"4":{"start":{"line":11,"column":0},"end":{"line":11,"column":95}},"5":{"start":{"line":11,"column":39},"end":{"line":11,"column":93}},"6":{"start":{"line":15,"column":0},"end":{"line":15,"column":28}},"7":{"start":{"line":21,"column":0},"end":{"line":64,"column":1}},"8":{"start":{"line":22,"column":2},"end":{"line":22,"column":45}},"9":{"start":{"line":24,"column":2},"end":{"line":61,"column":30}},"10":{"start":{"line":63,"column":2},"end":{"line":63,"column":16}}},"branchMap":{"1":{"line":11,"type":"cond-expr","locations":[{"start":{"line":11,"column":70},"end":{"line":11,"column":73}},{"start":{"line":11,"column":76},"end":{"line":11,"column":92}}]},"2":{"line":11,"type":"binary-expr","locations":[{"start":{"line":11,"column":46},"end":{"line":11,"column":49}},{"start":{"line":11,"column":53},"end":{"line":11,"column":67}}]}},"code":["'use strict';","","Object.defineProperty(exports, \"__esModule\", {","  value: true","});","","var _nomnomnomnom = require('nomnomnomnom');","","var _nomnomnomnom2 = _interopRequireDefault(_nomnomnomnom);","","function _interopRequireDefault(obj) { return obj && obj.__esModule ? obj : { default: obj }; }","","//","","exports.default = ArgParser;","","//","","//","","function ArgParser(commands) {","  var parser = (0, _nomnomnomnom2.default)();","","  parser.command('cover').help(\"transparently adds coverage information to a node command. Saves coverage.json and reports at the end of execution\").option('cmd', {","    required: true,","    position: 1,","    help: 'ES6 js files to cover (using babel)'","  }).option('config', {","    metavar: '<path-to-config>',","    help: 'the configuration file to use, defaults to .istanbul.yml'","  }).option('default-excludes', {","    flag: true,","    help: 'apply default excludes [ **/node_modules/**, **/test/**, **/tests/** ]'","  }).option('excludes', {","    abbr: 'x',","    default: [],","    help: 'one or more fileset patterns e.g. \"**/vendor/**\"',","    list: true,","    metavar: '<exclude-pattern>'","  }).option('report', {","    default: 'lcv',","    metavar: '<format>',","    list: true,","    help: 'report format'","  }).option('root', {","    metavar: '<path>',","    help: 'the root path to look for files to instrument'","  }).option('include', {","    default: ['**/*.js'],","    metavar: '<include-pattern>',","    list: true,","    abbr: 'i',","    help: 'one or more fileset patterns e.g. \\'**/*.js\\''","  }).option('verbose', {","    flag: true,","    abbr: 'v',","    help: 'verbose mode'","  }).option('include-all-sources', {","    flag: true,","    help: 'instrument all unused sources after running tests'","  }).callback(commands.cover);","","  return parser;","}"],"l":{"3":1,"7":1,"9":1,"11":1,"15":1,"21":1,"22":0,"24":0,"63":0}}}